CRITICAL - 2023-02-05 12:02:55 --> Undefined property: stdClass::$email
in APPPATH\Controllers\Backend.php on line 335.
 1 APPPATH\Controllers\Backend.php(335): CodeIgniter\Debug\Exceptions->errorHandler(8, 'Undefined property: stdClass::$email', 'APPPATH\\Controllers\\Backend.php', 335, [...])
 2 SYSTEMPATH\CodeIgniter.php(934): App\Controllers\Backend->list_pengguna()
 3 SYSTEMPATH\CodeIgniter.php(499): CodeIgniter\CodeIgniter->runController(Object(App\Controllers\Backend))
 4 SYSTEMPATH\CodeIgniter.php(368): CodeIgniter\CodeIgniter->handleRequest(null, Object(Config\Cache), false)
 5 FCPATH\index.php(67): CodeIgniter\CodeIgniter->run()
 6 SYSTEMPATH\Commands\Server\rewrite.php(47): require_once('FCPATH\\index.php')
CRITICAL - 2023-02-05 12:03:15 --> Undefined property: stdClass::$gaji_pokok
in APPPATH\Controllers\Backend.php on line 218.
 1 APPPATH\Controllers\Backend.php(218): CodeIgniter\Debug\Exceptions->errorHandler(8, 'Undefined property: stdClass::$gaji_pokok', 'APPPATH\\Controllers\\Backend.php', 218, [...])
 2 SYSTEMPATH\CodeIgniter.php(934): App\Controllers\Backend->list_komponen()
 3 SYSTEMPATH\CodeIgniter.php(499): CodeIgniter\CodeIgniter->runController(Object(App\Controllers\Backend))
 4 SYSTEMPATH\CodeIgniter.php(368): CodeIgniter\CodeIgniter->handleRequest(null, Object(Config\Cache), false)
 5 FCPATH\index.php(67): CodeIgniter\CodeIgniter->run()
 6 SYSTEMPATH\Commands\Server\rewrite.php(47): require_once('FCPATH\\index.php')
CRITICAL - 2023-02-05 12:03:27 --> Undefined property: stdClass::$gaji_pokok
in APPPATH\Controllers\Backend.php on line 218.
 1 APPPATH\Controllers\Backend.php(218): CodeIgniter\Debug\Exceptions->errorHandler(8, 'Undefined property: stdClass::$gaji_pokok', 'APPPATH\\Controllers\\Backend.php', 218, [...])
 2 SYSTEMPATH\CodeIgniter.php(934): App\Controllers\Backend->list_komponen()
 3 SYSTEMPATH\CodeIgniter.php(499): CodeIgniter\CodeIgniter->runController(Object(App\Controllers\Backend))
 4 SYSTEMPATH\CodeIgniter.php(368): CodeIgniter\CodeIgniter->handleRequest(null, Object(Config\Cache), false)
 5 FCPATH\index.php(67): CodeIgniter\CodeIgniter->run()
 6 SYSTEMPATH\Commands\Server\rewrite.php(47): require_once('FCPATH\\index.php')
CRITICAL - 2023-02-05 12:04:17 --> Undefined property: stdClass::$gaji_pokok
in APPPATH\Controllers\Backend.php on line 218.
 1 APPPATH\Controllers\Backend.php(218): CodeIgniter\Debug\Exceptions->errorHandler(8, 'Undefined property: stdClass::$gaji_pokok', 'APPPATH\\Controllers\\Backend.php', 218, [...])
 2 SYSTEMPATH\CodeIgniter.php(934): App\Controllers\Backend->list_komponen()
 3 SYSTEMPATH\CodeIgniter.php(499): CodeIgniter\CodeIgniter->runController(Object(App\Controllers\Backend))
 4 SYSTEMPATH\CodeIgniter.php(368): CodeIgniter\CodeIgniter->handleRequest(null, Object(Config\Cache), false)
 5 FCPATH\index.php(67): CodeIgniter\CodeIgniter->run()
 6 SYSTEMPATH\Commands\Server\rewrite.php(47): require_once('FCPATH\\index.php')
CRITICAL - 2023-02-05 12:04:53 --> Undefined property: stdClass::$gaji_pokok
in APPPATH\Controllers\Backend.php on line 218.
 1 APPPATH\Controllers\Backend.php(218): CodeIgniter\Debug\Exceptions->errorHandler(8, 'Undefined property: stdClass::$gaji_pokok', 'APPPATH\\Controllers\\Backend.php', 218, [...])
 2 SYSTEMPATH\CodeIgniter.php(934): App\Controllers\Backend->list_komponen()
 3 SYSTEMPATH\CodeIgniter.php(499): CodeIgniter\CodeIgniter->runController(Object(App\Controllers\Backend))
 4 SYSTEMPATH\CodeIgniter.php(368): CodeIgniter\CodeIgniter->handleRequest(null, Object(Config\Cache), false)
 5 FCPATH\index.php(67): CodeIgniter\CodeIgniter->run()
 6 SYSTEMPATH\Commands\Server\rewrite.php(47): require_once('FCPATH\\index.php')
CRITICAL - 2023-02-05 12:05:00 --> Undefined property: stdClass::$gaji_pokok
in APPPATH\Controllers\Backend.php on line 218.
 1 APPPATH\Controllers\Backend.php(218): CodeIgniter\Debug\Exceptions->errorHandler(8, 'Undefined property: stdClass::$gaji_pokok', 'APPPATH\\Controllers\\Backend.php', 218, [...])
 2 SYSTEMPATH\CodeIgniter.php(934): App\Controllers\Backend->list_komponen()
 3 SYSTEMPATH\CodeIgniter.php(499): CodeIgniter\CodeIgniter->runController(Object(App\Controllers\Backend))
 4 SYSTEMPATH\CodeIgniter.php(368): CodeIgniter\CodeIgniter->handleRequest(null, Object(Config\Cache), false)
 5 FCPATH\index.php(67): CodeIgniter\CodeIgniter->run()
 6 SYSTEMPATH\Commands\Server\rewrite.php(47): require_once('FCPATH\\index.php')
CRITICAL - 2023-02-05 12:05:45 --> Undefined property: stdClass::$gaji_pokok
in APPPATH\Controllers\Backend.php on line 218.
 1 APPPATH\Controllers\Backend.php(218): CodeIgniter\Debug\Exceptions->errorHandler(8, 'Undefined property: stdClass::$gaji_pokok', 'APPPATH\\Controllers\\Backend.php', 218, [...])
 2 SYSTEMPATH\CodeIgniter.php(934): App\Controllers\Backend->list_komponen()
 3 SYSTEMPATH\CodeIgniter.php(499): CodeIgniter\CodeIgniter->runController(Object(App\Controllers\Backend))
 4 SYSTEMPATH\CodeIgniter.php(368): CodeIgniter\CodeIgniter->handleRequest(null, Object(Config\Cache), false)
 5 FCPATH\index.php(67): CodeIgniter\CodeIgniter->run()
 6 SYSTEMPATH\Commands\Server\rewrite.php(47): require_once('FCPATH\\index.php')
CRITICAL - 2023-02-05 12:05:53 --> Undefined property: stdClass::$pinjaman
in APPPATH\Controllers\Backend.php on line 448.
 1 APPPATH\Controllers\Backend.php(448): CodeIgniter\Debug\Exceptions->errorHandler(8, 'Undefined property: stdClass::$pinjaman', 'APPPATH\\Controllers\\Backend.php', 448, [...])
 2 SYSTEMPATH\CodeIgniter.php(934): App\Controllers\Backend->list_transaksi()
 3 SYSTEMPATH\CodeIgniter.php(499): CodeIgniter\CodeIgniter->runController(Object(App\Controllers\Backend))
 4 SYSTEMPATH\CodeIgniter.php(368): CodeIgniter\CodeIgniter->handleRequest(null, Object(Config\Cache), false)
 5 FCPATH\index.php(67): CodeIgniter\CodeIgniter->run()
 6 SYSTEMPATH\Commands\Server\rewrite.php(47): require_once('FCPATH\\index.php')
CRITICAL - 2023-02-05 12:19:08 --> Undefined property: stdClass::$pinjaman
in APPPATH\Controllers\Backend.php on line 448.
 1 APPPATH\Controllers\Backend.php(448): CodeIgniter\Debug\Exceptions->errorHandler(8, 'Undefined property: stdClass::$pinjaman', 'APPPATH\\Controllers\\Backend.php', 448, [...])
 2 SYSTEMPATH\CodeIgniter.php(934): App\Controllers\Backend->list_transaksi()
 3 SYSTEMPATH\CodeIgniter.php(499): CodeIgniter\CodeIgniter->runController(Object(App\Controllers\Backend))
 4 SYSTEMPATH\CodeIgniter.php(368): CodeIgniter\CodeIgniter->handleRequest(null, Object(Config\Cache), false)
 5 FCPATH\index.php(67): CodeIgniter\CodeIgniter->run()
 6 SYSTEMPATH\Commands\Server\rewrite.php(47): require_once('FCPATH\\index.php')
CRITICAL - 2023-02-05 12:33:24 --> Undefined property: stdClass::$email
in APPPATH\Controllers\Backend.php on line 335.
 1 APPPATH\Controllers\Backend.php(335): CodeIgniter\Debug\Exceptions->errorHandler(8, 'Undefined property: stdClass::$email', 'APPPATH\\Controllers\\Backend.php', 335, [...])
 2 SYSTEMPATH\CodeIgniter.php(934): App\Controllers\Backend->list_pengguna()
 3 SYSTEMPATH\CodeIgniter.php(499): CodeIgniter\CodeIgniter->runController(Object(App\Controllers\Backend))
 4 SYSTEMPATH\CodeIgniter.php(368): CodeIgniter\CodeIgniter->handleRequest(null, Object(Config\Cache), false)
 5 FCPATH\index.php(67): CodeIgniter\CodeIgniter->run()
 6 SYSTEMPATH\Commands\Server\rewrite.php(47): require_once('FCPATH\\index.php')
CRITICAL - 2023-02-05 12:36:43 --> Undefined property: stdClass::$email
in APPPATH\Controllers\Backend.php on line 335.
 1 APPPATH\Controllers\Backend.php(335): CodeIgniter\Debug\Exceptions->errorHandler(8, 'Undefined property: stdClass::$email', 'APPPATH\\Controllers\\Backend.php', 335, [...])
 2 SYSTEMPATH\CodeIgniter.php(934): App\Controllers\Backend->list_pengguna()
 3 SYSTEMPATH\CodeIgniter.php(499): CodeIgniter\CodeIgniter->runController(Object(App\Controllers\Backend))
 4 SYSTEMPATH\CodeIgniter.php(368): CodeIgniter\CodeIgniter->handleRequest(null, Object(Config\Cache), false)
 5 FCPATH\index.php(67): CodeIgniter\CodeIgniter->run()
 6 SYSTEMPATH\Commands\Server\rewrite.php(47): require_once('FCPATH\\index.php')
CRITICAL - 2023-02-05 12:40:08 --> Undefined property: stdClass::$email
in APPPATH\Controllers\Backend.php on line 335.
 1 APPPATH\Controllers\Backend.php(335): CodeIgniter\Debug\Exceptions->errorHandler(8, 'Undefined property: stdClass::$email', 'APPPATH\\Controllers\\Backend.php', 335, [...])
 2 SYSTEMPATH\CodeIgniter.php(934): App\Controllers\Backend->list_pengguna()
 3 SYSTEMPATH\CodeIgniter.php(499): CodeIgniter\CodeIgniter->runController(Object(App\Controllers\Backend))
 4 SYSTEMPATH\CodeIgniter.php(368): CodeIgniter\CodeIgniter->handleRequest(null, Object(Config\Cache), false)
 5 FCPATH\index.php(67): CodeIgniter\CodeIgniter->run()
 6 SYSTEMPATH\Commands\Server\rewrite.php(47): require_once('FCPATH\\index.php')
CRITICAL - 2023-02-05 12:40:17 --> Undefined property: stdClass::$gaji_pokok
in APPPATH\Controllers\Backend.php on line 218.
 1 APPPATH\Controllers\Backend.php(218): CodeIgniter\Debug\Exceptions->errorHandler(8, 'Undefined property: stdClass::$gaji_pokok', 'APPPATH\\Controllers\\Backend.php', 218, [...])
 2 SYSTEMPATH\CodeIgniter.php(934): App\Controllers\Backend->list_komponen()
 3 SYSTEMPATH\CodeIgniter.php(499): CodeIgniter\CodeIgniter->runController(Object(App\Controllers\Backend))
 4 SYSTEMPATH\CodeIgniter.php(368): CodeIgniter\CodeIgniter->handleRequest(null, Object(Config\Cache), false)
 5 FCPATH\index.php(67): CodeIgniter\CodeIgniter->run()
 6 SYSTEMPATH\Commands\Server\rewrite.php(47): require_once('FCPATH\\index.php')
CRITICAL - 2023-02-05 12:40:50 --> Undefined property: stdClass::$email
in APPPATH\Controllers\Backend.php on line 335.
 1 APPPATH\Controllers\Backend.php(335): CodeIgniter\Debug\Exceptions->errorHandler(8, 'Undefined property: stdClass::$email', 'APPPATH\\Controllers\\Backend.php', 335, [...])
 2 SYSTEMPATH\CodeIgniter.php(934): App\Controllers\Backend->list_pengguna()
 3 SYSTEMPATH\CodeIgniter.php(499): CodeIgniter\CodeIgniter->runController(Object(App\Controllers\Backend))
 4 SYSTEMPATH\CodeIgniter.php(368): CodeIgniter\CodeIgniter->handleRequest(null, Object(Config\Cache), false)
 5 FCPATH\index.php(67): CodeIgniter\CodeIgniter->run()
 6 SYSTEMPATH\Commands\Server\rewrite.php(47): require_once('FCPATH\\index.php')
CRITICAL - 2023-02-05 12:42:03 --> Undefined property: stdClass::$email
in APPPATH\Controllers\Backend.php on line 335.
 1 APPPATH\Controllers\Backend.php(335): CodeIgniter\Debug\Exceptions->errorHandler(8, 'Undefined property: stdClass::$email', 'APPPATH\\Controllers\\Backend.php', 335, [...])
 2 SYSTEMPATH\CodeIgniter.php(934): App\Controllers\Backend->list_pengguna()
 3 SYSTEMPATH\CodeIgniter.php(499): CodeIgniter\CodeIgniter->runController(Object(App\Controllers\Backend))
 4 SYSTEMPATH\CodeIgniter.php(368): CodeIgniter\CodeIgniter->handleRequest(null, Object(Config\Cache), false)
 5 FCPATH\index.php(67): CodeIgniter\CodeIgniter->run()
 6 SYSTEMPATH\Commands\Server\rewrite.php(47): require_once('FCPATH\\index.php')
CRITICAL - 2023-02-05 12:42:16 --> Undefined property: stdClass::$email
in APPPATH\Controllers\Backend.php on line 335.
 1 APPPATH\Controllers\Backend.php(335): CodeIgniter\Debug\Exceptions->errorHandler(8, 'Undefined property: stdClass::$email', 'APPPATH\\Controllers\\Backend.php', 335, [...])
 2 SYSTEMPATH\CodeIgniter.php(934): App\Controllers\Backend->list_pengguna()
 3 SYSTEMPATH\CodeIgniter.php(499): CodeIgniter\CodeIgniter->runController(Object(App\Controllers\Backend))
 4 SYSTEMPATH\CodeIgniter.php(368): CodeIgniter\CodeIgniter->handleRequest(null, Object(Config\Cache), false)
 5 FCPATH\index.php(67): CodeIgniter\CodeIgniter->run()
 6 SYSTEMPATH\Commands\Server\rewrite.php(47): require_once('FCPATH\\index.php')
CRITICAL - 2023-02-05 12:42:59 --> Undefined property: stdClass::$email
in APPPATH\Controllers\Backend.php on line 335.
 1 APPPATH\Controllers\Backend.php(335): CodeIgniter\Debug\Exceptions->errorHandler(8, 'Undefined property: stdClass::$email', 'APPPATH\\Controllers\\Backend.php', 335, [...])
 2 SYSTEMPATH\CodeIgniter.php(934): App\Controllers\Backend->list_pengguna()
 3 SYSTEMPATH\CodeIgniter.php(499): CodeIgniter\CodeIgniter->runController(Object(App\Controllers\Backend))
 4 SYSTEMPATH\CodeIgniter.php(368): CodeIgniter\CodeIgniter->handleRequest(null, Object(Config\Cache), false)
 5 FCPATH\index.php(67): CodeIgniter\CodeIgniter->run()
 6 SYSTEMPATH\Commands\Server\rewrite.php(47): require_once('FCPATH\\index.php')
CRITICAL - 2023-02-05 12:43:13 --> Undefined property: stdClass::$email
in APPPATH\Controllers\Backend.php on line 335.
 1 APPPATH\Controllers\Backend.php(335): CodeIgniter\Debug\Exceptions->errorHandler(8, 'Undefined property: stdClass::$email', 'APPPATH\\Controllers\\Backend.php', 335, [...])
 2 SYSTEMPATH\CodeIgniter.php(934): App\Controllers\Backend->list_pengguna()
 3 SYSTEMPATH\CodeIgniter.php(499): CodeIgniter\CodeIgniter->runController(Object(App\Controllers\Backend))
 4 SYSTEMPATH\CodeIgniter.php(368): CodeIgniter\CodeIgniter->handleRequest(null, Object(Config\Cache), false)
 5 FCPATH\index.php(67): CodeIgniter\CodeIgniter->run()
 6 SYSTEMPATH\Commands\Server\rewrite.php(47): require_once('FCPATH\\index.php')
CRITICAL - 2023-02-05 12:45:20 --> Undefined property: stdClass::$email
in APPPATH\Controllers\Backend.php on line 335.
 1 APPPATH\Controllers\Backend.php(335): CodeIgniter\Debug\Exceptions->errorHandler(8, 'Undefined property: stdClass::$email', 'APPPATH\\Controllers\\Backend.php', 335, [...])
 2 SYSTEMPATH\CodeIgniter.php(934): App\Controllers\Backend->list_pengguna()
 3 SYSTEMPATH\CodeIgniter.php(499): CodeIgniter\CodeIgniter->runController(Object(App\Controllers\Backend))
 4 SYSTEMPATH\CodeIgniter.php(368): CodeIgniter\CodeIgniter->handleRequest(null, Object(Config\Cache), false)
 5 FCPATH\index.php(67): CodeIgniter\CodeIgniter->run()
 6 SYSTEMPATH\Commands\Server\rewrite.php(47): require_once('FCPATH\\index.php')
CRITICAL - 2023-02-05 13:06:28 --> Undefined property: stdClass::$email
in APPPATH\Controllers\Backend.php on line 343.
 1 APPPATH\Controllers\Backend.php(343): CodeIgniter\Debug\Exceptions->errorHandler(8, 'Undefined property: stdClass::$email', 'APPPATH\\Controllers\\Backend.php', 343, [...])
 2 SYSTEMPATH\CodeIgniter.php(934): App\Controllers\Backend->list_pengguna()
 3 SYSTEMPATH\CodeIgniter.php(499): CodeIgniter\CodeIgniter->runController(Object(App\Controllers\Backend))
 4 SYSTEMPATH\CodeIgniter.php(368): CodeIgniter\CodeIgniter->handleRequest(null, Object(Config\Cache), false)
 5 FCPATH\index.php(67): CodeIgniter\CodeIgniter->run()
 6 SYSTEMPATH\Commands\Server\rewrite.php(47): require_once('FCPATH\\index.php')
CRITICAL - 2023-02-05 13:06:52 --> Undefined property: stdClass::$email
in APPPATH\Controllers\Backend.php on line 343.
 1 APPPATH\Controllers\Backend.php(343): CodeIgniter\Debug\Exceptions->errorHandler(8, 'Undefined property: stdClass::$email', 'APPPATH\\Controllers\\Backend.php', 343, [...])
 2 SYSTEMPATH\CodeIgniter.php(934): App\Controllers\Backend->list_pengguna()
 3 SYSTEMPATH\CodeIgniter.php(499): CodeIgniter\CodeIgniter->runController(Object(App\Controllers\Backend))
 4 SYSTEMPATH\CodeIgniter.php(368): CodeIgniter\CodeIgniter->handleRequest(null, Object(Config\Cache), false)
 5 FCPATH\index.php(67): CodeIgniter\CodeIgniter->run()
 6 SYSTEMPATH\Commands\Server\rewrite.php(47): require_once('FCPATH\\index.php')
CRITICAL - 2023-02-05 13:07:20 --> Undefined property: stdClass::$email
in APPPATH\Controllers\Backend.php on line 343.
 1 APPPATH\Controllers\Backend.php(343): CodeIgniter\Debug\Exceptions->errorHandler(8, 'Undefined property: stdClass::$email', 'APPPATH\\Controllers\\Backend.php', 343, [...])
 2 SYSTEMPATH\CodeIgniter.php(934): App\Controllers\Backend->list_pengguna()
 3 SYSTEMPATH\CodeIgniter.php(499): CodeIgniter\CodeIgniter->runController(Object(App\Controllers\Backend))
 4 SYSTEMPATH\CodeIgniter.php(368): CodeIgniter\CodeIgniter->handleRequest(null, Object(Config\Cache), false)
 5 FCPATH\index.php(67): CodeIgniter\CodeIgniter->run()
 6 SYSTEMPATH\Commands\Server\rewrite.php(47): require_once('FCPATH\\index.php')
CRITICAL - 2023-02-05 13:07:52 --> Undefined property: stdClass::$email
in APPPATH\Controllers\Backend.php on line 344.
 1 APPPATH\Controllers\Backend.php(344): CodeIgniter\Debug\Exceptions->errorHandler(8, 'Undefined property: stdClass::$email', 'APPPATH\\Controllers\\Backend.php', 344, [...])
 2 SYSTEMPATH\CodeIgniter.php(934): App\Controllers\Backend->list_pengguna()
 3 SYSTEMPATH\CodeIgniter.php(499): CodeIgniter\CodeIgniter->runController(Object(App\Controllers\Backend))
 4 SYSTEMPATH\CodeIgniter.php(368): CodeIgniter\CodeIgniter->handleRequest(null, Object(Config\Cache), false)
 5 FCPATH\index.php(67): CodeIgniter\CodeIgniter->run()
 6 SYSTEMPATH\Commands\Server\rewrite.php(47): require_once('FCPATH\\index.php')
CRITICAL - 2023-02-05 13:08:40 --> Undefined property: stdClass::$email
in APPPATH\Controllers\Backend.php on line 344.
 1 APPPATH\Controllers\Backend.php(344): CodeIgniter\Debug\Exceptions->errorHandler(8, 'Undefined property: stdClass::$email', 'APPPATH\\Controllers\\Backend.php', 344, [...])
 2 SYSTEMPATH\CodeIgniter.php(934): App\Controllers\Backend->list_pengguna()
 3 SYSTEMPATH\CodeIgniter.php(499): CodeIgniter\CodeIgniter->runController(Object(App\Controllers\Backend))
 4 SYSTEMPATH\CodeIgniter.php(368): CodeIgniter\CodeIgniter->handleRequest(null, Object(Config\Cache), false)
 5 FCPATH\index.php(67): CodeIgniter\CodeIgniter->run()
 6 SYSTEMPATH\Commands\Server\rewrite.php(47): require_once('FCPATH\\index.php')
CRITICAL - 2023-02-05 13:09:12 --> Undefined property: stdClass::$email
in APPPATH\Controllers\Backend.php on line 344.
 1 APPPATH\Controllers\Backend.php(344): CodeIgniter\Debug\Exceptions->errorHandler(8, 'Undefined property: stdClass::$email', 'APPPATH\\Controllers\\Backend.php', 344, [...])
 2 SYSTEMPATH\CodeIgniter.php(934): App\Controllers\Backend->list_pengguna()
 3 SYSTEMPATH\CodeIgniter.php(499): CodeIgniter\CodeIgniter->runController(Object(App\Controllers\Backend))
 4 SYSTEMPATH\CodeIgniter.php(368): CodeIgniter\CodeIgniter->handleRequest(null, Object(Config\Cache), false)
 5 FCPATH\index.php(67): CodeIgniter\CodeIgniter->run()
 6 SYSTEMPATH\Commands\Server\rewrite.php(47): require_once('FCPATH\\index.php')
CRITICAL - 2023-02-05 13:09:42 --> Undefined property: stdClass::$email
in APPPATH\Controllers\Backend.php on line 344.
 1 APPPATH\Controllers\Backend.php(344): CodeIgniter\Debug\Exceptions->errorHandler(8, 'Undefined property: stdClass::$email', 'APPPATH\\Controllers\\Backend.php', 344, [...])
 2 SYSTEMPATH\CodeIgniter.php(934): App\Controllers\Backend->list_pengguna()
 3 SYSTEMPATH\CodeIgniter.php(499): CodeIgniter\CodeIgniter->runController(Object(App\Controllers\Backend))
 4 SYSTEMPATH\CodeIgniter.php(368): CodeIgniter\CodeIgniter->handleRequest(null, Object(Config\Cache), false)
 5 FCPATH\index.php(67): CodeIgniter\CodeIgniter->run()
 6 SYSTEMPATH\Commands\Server\rewrite.php(47): require_once('FCPATH\\index.php')
CRITICAL - 2023-02-05 13:10:14 --> Undefined property: stdClass::$email
in APPPATH\Controllers\Backend.php on line 344.
 1 APPPATH\Controllers\Backend.php(344): CodeIgniter\Debug\Exceptions->errorHandler(8, 'Undefined property: stdClass::$email', 'APPPATH\\Controllers\\Backend.php', 344, [...])
 2 SYSTEMPATH\CodeIgniter.php(934): App\Controllers\Backend->list_pengguna()
 3 SYSTEMPATH\CodeIgniter.php(499): CodeIgniter\CodeIgniter->runController(Object(App\Controllers\Backend))
 4 SYSTEMPATH\CodeIgniter.php(368): CodeIgniter\CodeIgniter->handleRequest(null, Object(Config\Cache), false)
 5 FCPATH\index.php(67): CodeIgniter\CodeIgniter->run()
 6 SYSTEMPATH\Commands\Server\rewrite.php(47): require_once('FCPATH\\index.php')
CRITICAL - 2023-02-05 13:10:23 --> Undefined property: stdClass::$email
in APPPATH\Controllers\Backend.php on line 344.
 1 APPPATH\Controllers\Backend.php(344): CodeIgniter\Debug\Exceptions->errorHandler(8, 'Undefined property: stdClass::$email', 'APPPATH\\Controllers\\Backend.php', 344, [...])
 2 SYSTEMPATH\CodeIgniter.php(934): App\Controllers\Backend->list_pengguna()
 3 SYSTEMPATH\CodeIgniter.php(499): CodeIgniter\CodeIgniter->runController(Object(App\Controllers\Backend))
 4 SYSTEMPATH\CodeIgniter.php(368): CodeIgniter\CodeIgniter->handleRequest(null, Object(Config\Cache), false)
 5 FCPATH\index.php(67): CodeIgniter\CodeIgniter->run()
 6 SYSTEMPATH\Commands\Server\rewrite.php(47): require_once('FCPATH\\index.php')
CRITICAL - 2023-02-05 13:10:37 --> Undefined property: stdClass::$email
in APPPATH\Controllers\Backend.php on line 344.
 1 APPPATH\Controllers\Backend.php(344): CodeIgniter\Debug\Exceptions->errorHandler(8, 'Undefined property: stdClass::$email', 'APPPATH\\Controllers\\Backend.php', 344, [...])
 2 SYSTEMPATH\CodeIgniter.php(934): App\Controllers\Backend->list_pengguna()
 3 SYSTEMPATH\CodeIgniter.php(499): CodeIgniter\CodeIgniter->runController(Object(App\Controllers\Backend))
 4 SYSTEMPATH\CodeIgniter.php(368): CodeIgniter\CodeIgniter->handleRequest(null, Object(Config\Cache), false)
 5 FCPATH\index.php(67): CodeIgniter\CodeIgniter->run()
 6 SYSTEMPATH\Commands\Server\rewrite.php(47): require_once('FCPATH\\index.php')
CRITICAL - 2023-02-05 13:10:51 --> Undefined property: stdClass::$email
in APPPATH\Controllers\Backend.php on line 344.
 1 APPPATH\Controllers\Backend.php(344): CodeIgniter\Debug\Exceptions->errorHandler(8, 'Undefined property: stdClass::$email', 'APPPATH\\Controllers\\Backend.php', 344, [...])
 2 SYSTEMPATH\CodeIgniter.php(934): App\Controllers\Backend->list_pengguna()
 3 SYSTEMPATH\CodeIgniter.php(499): CodeIgniter\CodeIgniter->runController(Object(App\Controllers\Backend))
 4 SYSTEMPATH\CodeIgniter.php(368): CodeIgniter\CodeIgniter->handleRequest(null, Object(Config\Cache), false)
 5 FCPATH\index.php(67): CodeIgniter\CodeIgniter->run()
 6 SYSTEMPATH\Commands\Server\rewrite.php(47): require_once('FCPATH\\index.php')
CRITICAL - 2023-02-05 13:12:03 --> Undefined property: stdClass::$email
in APPPATH\Controllers\Backend.php on line 344.
 1 APPPATH\Controllers\Backend.php(344): CodeIgniter\Debug\Exceptions->errorHandler(8, 'Undefined property: stdClass::$email', 'APPPATH\\Controllers\\Backend.php', 344, [...])
 2 SYSTEMPATH\CodeIgniter.php(934): App\Controllers\Backend->list_pengguna()
 3 SYSTEMPATH\CodeIgniter.php(499): CodeIgniter\CodeIgniter->runController(Object(App\Controllers\Backend))
 4 SYSTEMPATH\CodeIgniter.php(368): CodeIgniter\CodeIgniter->handleRequest(null, Object(Config\Cache), false)
 5 FCPATH\index.php(67): CodeIgniter\CodeIgniter->run()
 6 SYSTEMPATH\Commands\Server\rewrite.php(47): require_once('FCPATH\\index.php')
CRITICAL - 2023-02-05 13:20:13 --> Undefined property: stdClass::$email
in APPPATH\Controllers\Backend.php on line 344.
 1 APPPATH\Controllers\Backend.php(344): CodeIgniter\Debug\Exceptions->errorHandler(8, 'Undefined property: stdClass::$email', 'APPPATH\\Controllers\\Backend.php', 344, [...])
 2 SYSTEMPATH\CodeIgniter.php(934): App\Controllers\Backend->list_pengguna()
 3 SYSTEMPATH\CodeIgniter.php(499): CodeIgniter\CodeIgniter->runController(Object(App\Controllers\Backend))
 4 SYSTEMPATH\CodeIgniter.php(368): CodeIgniter\CodeIgniter->handleRequest(null, Object(Config\Cache), false)
 5 FCPATH\index.php(67): CodeIgniter\CodeIgniter->run()
 6 SYSTEMPATH\Commands\Server\rewrite.php(47): require_once('FCPATH\\index.php')
CRITICAL - 2023-02-05 13:20:36 --> Undefined property: stdClass::$email
in APPPATH\Controllers\Backend.php on line 344.
 1 APPPATH\Controllers\Backend.php(344): CodeIgniter\Debug\Exceptions->errorHandler(8, 'Undefined property: stdClass::$email', 'APPPATH\\Controllers\\Backend.php', 344, [...])
 2 SYSTEMPATH\CodeIgniter.php(934): App\Controllers\Backend->list_pengguna()
 3 SYSTEMPATH\CodeIgniter.php(499): CodeIgniter\CodeIgniter->runController(Object(App\Controllers\Backend))
 4 SYSTEMPATH\CodeIgniter.php(368): CodeIgniter\CodeIgniter->handleRequest(null, Object(Config\Cache), false)
 5 FCPATH\index.php(67): CodeIgniter\CodeIgniter->run()
 6 SYSTEMPATH\Commands\Server\rewrite.php(47): require_once('FCPATH\\index.php')
CRITICAL - 2023-02-05 13:21:02 --> Undefined property: stdClass::$email
in APPPATH\Controllers\Backend.php on line 344.
 1 APPPATH\Controllers\Backend.php(344): CodeIgniter\Debug\Exceptions->errorHandler(8, 'Undefined property: stdClass::$email', 'APPPATH\\Controllers\\Backend.php', 344, [...])
 2 SYSTEMPATH\CodeIgniter.php(934): App\Controllers\Backend->list_pengguna()
 3 SYSTEMPATH\CodeIgniter.php(499): CodeIgniter\CodeIgniter->runController(Object(App\Controllers\Backend))
 4 SYSTEMPATH\CodeIgniter.php(368): CodeIgniter\CodeIgniter->handleRequest(null, Object(Config\Cache), false)
 5 FCPATH\index.php(67): CodeIgniter\CodeIgniter->run()
 6 SYSTEMPATH\Commands\Server\rewrite.php(47): require_once('FCPATH\\index.php')
CRITICAL - 2023-02-05 13:21:17 --> Undefined property: stdClass::$email
in APPPATH\Controllers\Backend.php on line 344.
 1 APPPATH\Controllers\Backend.php(344): CodeIgniter\Debug\Exceptions->errorHandler(8, 'Undefined property: stdClass::$email', 'APPPATH\\Controllers\\Backend.php', 344, [...])
 2 SYSTEMPATH\CodeIgniter.php(934): App\Controllers\Backend->list_pengguna()
 3 SYSTEMPATH\CodeIgniter.php(499): CodeIgniter\CodeIgniter->runController(Object(App\Controllers\Backend))
 4 SYSTEMPATH\CodeIgniter.php(368): CodeIgniter\CodeIgniter->handleRequest(null, Object(Config\Cache), false)
 5 FCPATH\index.php(67): CodeIgniter\CodeIgniter->run()
 6 SYSTEMPATH\Commands\Server\rewrite.php(47): require_once('FCPATH\\index.php')
CRITICAL - 2023-02-05 13:26:39 --> Class 'App\Models\datatable\UserDatatable' not found
in APPPATH\Controllers\Backend.php on line 95.
 1 SYSTEMPATH\CodeIgniter.php(934): App\Controllers\Backend->list_jabatan()
 2 SYSTEMPATH\CodeIgniter.php(499): CodeIgniter\CodeIgniter->runController(Object(App\Controllers\Backend))
 3 SYSTEMPATH\CodeIgniter.php(368): CodeIgniter\CodeIgniter->handleRequest(null, Object(Config\Cache), false)
 4 FCPATH\index.php(67): CodeIgniter\CodeIgniter->run()
 5 SYSTEMPATH\Commands\Server\rewrite.php(47): require_once('FCPATH\\index.php')
CRITICAL - 2023-02-05 13:27:01 --> Class 'App\Controllers\UserDatatable' not found
in APPPATH\Controllers\Backend.php on line 95.
 1 SYSTEMPATH\CodeIgniter.php(934): App\Controllers\Backend->list_jabatan()
 2 SYSTEMPATH\CodeIgniter.php(499): CodeIgniter\CodeIgniter->runController(Object(App\Controllers\Backend))
 3 SYSTEMPATH\CodeIgniter.php(368): CodeIgniter\CodeIgniter->handleRequest(null, Object(Config\Cache), false)
 4 FCPATH\index.php(67): CodeIgniter\CodeIgniter->run()
 5 SYSTEMPATH\Commands\Server\rewrite.php(47): require_once('FCPATH\\index.php')
CRITICAL - 2023-02-05 13:27:19 --> Class 'App\Models\datatable\UserDatatable' not found
in APPPATH\Controllers\Backend.php on line 95.
 1 SYSTEMPATH\CodeIgniter.php(934): App\Controllers\Backend->list_jabatan()
 2 SYSTEMPATH\CodeIgniter.php(499): CodeIgniter\CodeIgniter->runController(Object(App\Controllers\Backend))
 3 SYSTEMPATH\CodeIgniter.php(368): CodeIgniter\CodeIgniter->handleRequest(null, Object(Config\Cache), false)
 4 FCPATH\index.php(67): CodeIgniter\CodeIgniter->run()
 5 SYSTEMPATH\Commands\Server\rewrite.php(47): require_once('FCPATH\\index.php')
CRITICAL - 2023-02-05 13:27:22 --> Class 'App\Models\datatable\UserDatatable' not found
in APPPATH\Controllers\Backend.php on line 95.
 1 SYSTEMPATH\CodeIgniter.php(934): App\Controllers\Backend->list_jabatan()
 2 SYSTEMPATH\CodeIgniter.php(499): CodeIgniter\CodeIgniter->runController(Object(App\Controllers\Backend))
 3 SYSTEMPATH\CodeIgniter.php(368): CodeIgniter\CodeIgniter->handleRequest(null, Object(Config\Cache), false)
 4 FCPATH\index.php(67): CodeIgniter\CodeIgniter->run()
 5 SYSTEMPATH\Commands\Server\rewrite.php(47): require_once('FCPATH\\index.php')
CRITICAL - 2023-02-05 13:27:29 --> Class 'App\Models\datatable\UserDatatable' not found
in APPPATH\Controllers\Backend.php on line 95.
 1 SYSTEMPATH\CodeIgniter.php(934): App\Controllers\Backend->list_jabatan()
 2 SYSTEMPATH\CodeIgniter.php(499): CodeIgniter\CodeIgniter->runController(Object(App\Controllers\Backend))
 3 SYSTEMPATH\CodeIgniter.php(368): CodeIgniter\CodeIgniter->handleRequest(null, Object(Config\Cache), false)
 4 FCPATH\index.php(67): CodeIgniter\CodeIgniter->run()
 5 SYSTEMPATH\Commands\Server\rewrite.php(47): require_once('FCPATH\\index.php')
CRITICAL - 2023-02-05 13:27:59 --> Class 'App\Models\DataTable\UserDatatable' not found
in APPPATH\Controllers\Backend.php on line 95.
 1 SYSTEMPATH\CodeIgniter.php(934): App\Controllers\Backend->list_jabatan()
 2 SYSTEMPATH\CodeIgniter.php(499): CodeIgniter\CodeIgniter->runController(Object(App\Controllers\Backend))
 3 SYSTEMPATH\CodeIgniter.php(368): CodeIgniter\CodeIgniter->handleRequest(null, Object(Config\Cache), false)
 4 FCPATH\index.php(67): CodeIgniter\CodeIgniter->run()
 5 SYSTEMPATH\Commands\Server\rewrite.php(47): require_once('FCPATH\\index.php')
CRITICAL - 2023-02-05 13:28:28 --> Class 'App\Models\DataTable\UserDatatable' not found
in APPPATH\Controllers\Backend.php on line 95.
 1 SYSTEMPATH\CodeIgniter.php(934): App\Controllers\Backend->list_jabatan()
 2 SYSTEMPATH\CodeIgniter.php(499): CodeIgniter\CodeIgniter->runController(Object(App\Controllers\Backend))
 3 SYSTEMPATH\CodeIgniter.php(368): CodeIgniter\CodeIgniter->handleRequest(null, Object(Config\Cache), false)
 4 FCPATH\index.php(67): CodeIgniter\CodeIgniter->run()
 5 SYSTEMPATH\Commands\Server\rewrite.php(47): require_once('FCPATH\\index.php')
CRITICAL - 2023-02-05 13:29:32 --> Class 'App\Models\DataTable\UserDatatable' not found
in APPPATH\Controllers\Backend.php on line 95.
 1 SYSTEMPATH\CodeIgniter.php(934): App\Controllers\Backend->list_jabatan()
 2 SYSTEMPATH\CodeIgniter.php(499): CodeIgniter\CodeIgniter->runController(Object(App\Controllers\Backend))
 3 SYSTEMPATH\CodeIgniter.php(368): CodeIgniter\CodeIgniter->handleRequest(null, Object(Config\Cache), false)
 4 FCPATH\index.php(67): CodeIgniter\CodeIgniter->run()
 5 SYSTEMPATH\Commands\Server\rewrite.php(47): require_once('FCPATH\\index.php')
CRITICAL - 2023-02-05 13:31:34 --> You must set the database table to be used with your query.
in SYSTEMPATH\Database\BaseConnection.php on line 882.
 1 APPPATH\Models\Datatable.php(22): CodeIgniter\Database\BaseConnection->table(null)
 2 APPPATH\Controllers\Backend.php(95): App\Models\Datatable->__construct(Object(CodeIgniter\HTTP\IncomingRequest), 'jabatan')
 3 SYSTEMPATH\CodeIgniter.php(934): App\Controllers\Backend->list_jabatan()
 4 SYSTEMPATH\CodeIgniter.php(499): CodeIgniter\CodeIgniter->runController(Object(App\Controllers\Backend))
 5 SYSTEMPATH\CodeIgniter.php(368): CodeIgniter\CodeIgniter->handleRequest(null, Object(Config\Cache), false)
 6 FCPATH\index.php(67): CodeIgniter\CodeIgniter->run()
 7 SYSTEMPATH\Commands\Server\rewrite.php(47): require_once('FCPATH\\index.php')
CRITICAL - 2023-02-05 13:32:18 --> You must set the database table to be used with your query.
in SYSTEMPATH\Database\BaseConnection.php on line 882.
 1 APPPATH\Models\Datatable.php(68): CodeIgniter\Database\BaseConnection->table(null)
 2 APPPATH\Controllers\Backend.php(114): App\Models\Datatable->countAll()
 3 SYSTEMPATH\CodeIgniter.php(934): App\Controllers\Backend->list_jabatan()
 4 SYSTEMPATH\CodeIgniter.php(499): CodeIgniter\CodeIgniter->runController(Object(App\Controllers\Backend))
 5 SYSTEMPATH\CodeIgniter.php(368): CodeIgniter\CodeIgniter->handleRequest(null, Object(Config\Cache), false)
 6 FCPATH\index.php(67): CodeIgniter\CodeIgniter->run()
 7 SYSTEMPATH\Commands\Server\rewrite.php(47): require_once('FCPATH\\index.php')
CRITICAL - 2023-02-05 13:32:36 --> You must set the database table to be used with your query.
in SYSTEMPATH\Database\BaseConnection.php on line 882.
 1 APPPATH\Models\Datatable.php(68): CodeIgniter\Database\BaseConnection->table(null)
 2 APPPATH\Controllers\Backend.php(114): App\Models\Datatable->countAll()
 3 SYSTEMPATH\CodeIgniter.php(934): App\Controllers\Backend->list_jabatan()
 4 SYSTEMPATH\CodeIgniter.php(499): CodeIgniter\CodeIgniter->runController(Object(App\Controllers\Backend))
 5 SYSTEMPATH\CodeIgniter.php(368): CodeIgniter\CodeIgniter->handleRequest(null, Object(Config\Cache), false)
 6 FCPATH\index.php(67): CodeIgniter\CodeIgniter->run()
 7 SYSTEMPATH\Commands\Server\rewrite.php(47): require_once('FCPATH\\index.php')
CRITICAL - 2023-02-05 13:34:38 --> Undefined variable: tb
in APPPATH\Models\JabatanDatatable.php on line 23.
 1 APPPATH\Models\JabatanDatatable.php(23): CodeIgniter\Debug\Exceptions->errorHandler(8, 'Undefined variable: tb', 'APPPATH\\Models\\JabatanDatatable.php', 23, [...])
 2 APPPATH\Controllers\Backend.php(96): App\Models\JabatanDatatable->__construct(Object(CodeIgniter\HTTP\IncomingRequest))
 3 SYSTEMPATH\CodeIgniter.php(934): App\Controllers\Backend->list_jabatan()
 4 SYSTEMPATH\CodeIgniter.php(499): CodeIgniter\CodeIgniter->runController(Object(App\Controllers\Backend))
 5 SYSTEMPATH\CodeIgniter.php(368): CodeIgniter\CodeIgniter->handleRequest(null, Object(Config\Cache), false)
 6 FCPATH\index.php(67): CodeIgniter\CodeIgniter->run()
 7 SYSTEMPATH\Commands\Server\rewrite.php(47): require_once('FCPATH\\index.php')
CRITICAL - 2023-02-05 13:41:40 --> Class 'App\Controllers\UserDatatable' not found
in APPPATH\Controllers\Backend.php on line 219.
 1 SYSTEMPATH\CodeIgniter.php(934): App\Controllers\Backend->list_komponen()
 2 SYSTEMPATH\CodeIgniter.php(499): CodeIgniter\CodeIgniter->runController(Object(App\Controllers\Backend))
 3 SYSTEMPATH\CodeIgniter.php(368): CodeIgniter\CodeIgniter->handleRequest(null, Object(Config\Cache), false)
 4 FCPATH\index.php(67): CodeIgniter\CodeIgniter->run()
 5 SYSTEMPATH\Commands\Server\rewrite.php(47): require_once('FCPATH\\index.php')
