INFO - 2023-04-02 13:09:16 --> Session: Class initialized using 'CodeIgniter\Session\Handlers\FileHandler' driver.
INFO - 2023-04-02 13:11:44 --> Session: Class initialized using 'CodeIgniter\Session\Handlers\FileHandler' driver.
INFO - 2023-04-02 13:11:45 --> Session: Class initialized using 'CodeIgniter\Session\Handlers\FileHandler' driver.
INFO - 2023-04-02 13:12:41 --> Session: Class initialized using 'CodeIgniter\Session\Handlers\FileHandler' driver.
INFO - 2023-04-02 13:12:41 --> Session: Class initialized using 'CodeIgniter\Session\Handlers\FileHandler' driver.
INFO - 2023-04-02 13:12:55 --> Session: Class initialized using 'CodeIgniter\Session\Handlers\FileHandler' driver.
INFO - 2023-04-02 13:12:55 --> Session: Class initialized using 'CodeIgniter\Session\Handlers\FileHandler' driver.
INFO - 2023-04-02 13:15:37 --> Session: Class initialized using 'CodeIgniter\Session\Handlers\FileHandler' driver.
INFO - 2023-04-02 13:15:41 --> Session: Class initialized using 'CodeIgniter\Session\Handlers\FileHandler' driver.
INFO - 2023-04-02 13:16:20 --> Session: Class initialized using 'CodeIgniter\Session\Handlers\FileHandler' driver.
CRITICAL - 2023-04-02 13:16:20 --> Undefined offset: 2
in APPPATH\Models\JabatanDatatable.php on line 45.
 1 APPPATH\Models\JabatanDatatable.php(45): CodeIgniter\Debug\Exceptions->errorHandler(8, 'Undefined offset: 2', 'APPPATH\\Models\\JabatanDatatable.php', 45, [...])
 2 APPPATH\Models\JabatanDatatable.php(54): App\Models\JabatanDatatable->getDatatablesQuery()
 3 APPPATH\Controllers\Backend.php(155): App\Models\JabatanDatatable->getDatatables()
 4 SYSTEMPATH\CodeIgniter.php(934): App\Controllers\Backend->list_jabatan()
 5 SYSTEMPATH\CodeIgniter.php(499): CodeIgniter\CodeIgniter->runController(Object(App\Controllers\Backend))
 6 SYSTEMPATH\CodeIgniter.php(368): CodeIgniter\CodeIgniter->handleRequest(null, Object(Config\Cache), false)
 7 FCPATH\index.php(67): CodeIgniter\CodeIgniter->run()
 8 SYSTEMPATH\Commands\Server\rewrite.php(47): require_once('FCPATH\\index.php')
INFO - 2023-04-02 13:16:27 --> Session: Class initialized using 'CodeIgniter\Session\Handlers\FileHandler' driver.
INFO - 2023-04-02 13:16:28 --> Session: Class initialized using 'CodeIgniter\Session\Handlers\FileHandler' driver.
INFO - 2023-04-02 13:16:29 --> Session: Class initialized using 'CodeIgniter\Session\Handlers\FileHandler' driver.
INFO - 2023-04-02 13:16:58 --> Session: Class initialized using 'CodeIgniter\Session\Handlers\FileHandler' driver.
INFO - 2023-04-02 13:17:48 --> Session: Class initialized using 'CodeIgniter\Session\Handlers\FileHandler' driver.
INFO - 2023-04-02 13:19:51 --> Session: Class initialized using 'CodeIgniter\Session\Handlers\FileHandler' driver.
INFO - 2023-04-02 13:22:52 --> Session: Class initialized using 'CodeIgniter\Session\Handlers\FileHandler' driver.
INFO - 2023-04-02 13:31:35 --> Session: Class initialized using 'CodeIgniter\Session\Handlers\FileHandler' driver.
ERROR - 2023-04-02 13:33:49 --> mysqli_sql_exception: MySQL server has gone away in D:\WandaMaulidina\penggajian\system\Database\MySQLi\Connection.php:295
Stack trace:
#0 D:\WandaMaulidina\penggajian\system\Database\MySQLi\Connection.php(295): mysqli->query('SELECT `p`.`id`...', 0)
#1 D:\WandaMaulidina\penggajian\system\Database\BaseConnection.php(691): CodeIgniter\Database\MySQLi\Connection->execute('SELECT `p`.`id`...')
#2 D:\WandaMaulidina\penggajian\system\Database\BaseConnection.php(605): CodeIgniter\Database\BaseConnection->simpleQuery('SELECT `p`.`id`...')
#3 D:\WandaMaulidina\penggajian\system\Database\BaseBuilder.php(1602): CodeIgniter\Database\BaseConnection->query('SELECT `p`.`id`...', Array, false)
#4 D:\WandaMaulidina\penggajian\app\Models\AuthModel.php(18): CodeIgniter\Database\BaseBuilder->get()
#5 D:\WandaMaulidina\penggajian\app\Controllers\Auth.php(46): App\Models\AuthModel->process_login('sarah@gmail.com', 'sarah123')
#6 D:\WandaMaulidina\penggajian\system\CodeIgniter.php(934): App\Controllers\Auth->process_login()
#7 D:\WandaMaulidina\penggajian\system\CodeIgniter.php(499): CodeIgniter\CodeIgniter->runController(Object(App\Controllers\Auth))
#8 D:\WandaMaulidina\penggajian\system\CodeIgniter.php(368): CodeIgniter\CodeIgniter->handleRequest(NULL, Object(Config\Cache), false)
#9 D:\WandaMaulidina\penggajian\public\index.php(67): CodeIgniter\CodeIgniter->run()
#10 D:\WandaMaulidina\penggajian\system\Commands\Server\rewrite.php(47): require_once('D:\\WandaMaulidi...')
#11 {main}
CRITICAL - 2023-04-02 13:33:49 --> MySQL server has gone away
in SYSTEMPATH\Database\BaseConnection.php on line 645.
 1 SYSTEMPATH\Database\BaseBuilder.php(1602): CodeIgniter\Database\BaseConnection->query('SELECT `p`.`id`, `p`.`nama`, `p`.`email`, `p`.`password`, `p`.`profil`, `j`.`nama` as `jabatan`
FROM `pengguna` `p`
JOIN `jabatan` `j` ON `p`.`id_jabatan` = `j`.`id`
WHERE `p`.`email` = :p.email:', [...], false)
 2 APPPATH\Models\AuthModel.php(18): CodeIgniter\Database\BaseBuilder->get()
 3 APPPATH\Controllers\Auth.php(46): App\Models\AuthModel->process_login('sarah@gmail.com', 'sarah123')
 4 SYSTEMPATH\CodeIgniter.php(934): App\Controllers\Auth->process_login()
 5 SYSTEMPATH\CodeIgniter.php(499): CodeIgniter\CodeIgniter->runController(Object(App\Controllers\Auth))
 6 SYSTEMPATH\CodeIgniter.php(368): CodeIgniter\CodeIgniter->handleRequest(null, Object(Config\Cache), false)
 7 FCPATH\index.php(67): CodeIgniter\CodeIgniter->run()
 8 SYSTEMPATH\Commands\Server\rewrite.php(47): require_once('FCPATH\\index.php')
INFO - 2023-04-02 13:33:50 --> Session: Class initialized using 'CodeIgniter\Session\Handlers\FileHandler' driver.
ERROR - 2023-04-02 13:33:59 --> Error connecting to the database: mysqli_sql_exception: No connection could be made because the target machine actively refused it.
 in D:\WandaMaulidina\penggajian\system\Database\MySQLi\Connection.php:174
Stack trace:
#0 D:\WandaMaulidina\penggajian\system\Database\MySQLi\Connection.php(174): mysqli->real_connect('localhost', 'root', '', 'penggajian', 3306, '', 0)
#1 D:\WandaMaulidina\penggajian\system\Database\BaseConnection.php(391): CodeIgniter\Database\MySQLi\Connection->connect(false)
#2 D:\WandaMaulidina\penggajian\system\Database\BaseConnection.php(573): CodeIgniter\Database\BaseConnection->initialize()
#3 D:\WandaMaulidina\penggajian\system\Database\BaseBuilder.php(1602): CodeIgniter\Database\BaseConnection->query('SELECT `p`.`id`...', Array, false)
#4 D:\WandaMaulidina\penggajian\app\Models\AuthModel.php(18): CodeIgniter\Database\BaseBuilder->get()
#5 D:\WandaMaulidina\penggajian\app\Controllers\Auth.php(46): App\Models\AuthModel->process_login('sarah@gmail.com', 'sarah123')
#6 D:\WandaMaulidina\penggajian\system\CodeIgniter.php(934): App\Controllers\Auth->process_login()
#7 D:\WandaMaulidina\penggajian\system\CodeIgniter.php(499): CodeIgniter\CodeIgniter->runController(Object(App\Controllers\Auth))
#8 D:\WandaMaulidina\penggajian\system\CodeIgniter.php(368): CodeIgniter\CodeIgniter->handleRequest(NULL, Object(Config\Cache), false)
#9 D:\WandaMaulidina\penggajian\public\index.php(67): CodeIgniter\CodeIgniter->run()
#10 D:\WandaMaulidina\penggajian\system\Commands\Server\rewrite.php(47): require_once('D:\\WandaMaulidi...')
#11 {main}

Next CodeIgniter\Database\Exceptions\DatabaseException: No connection could be made because the target machine actively refused it.
 in D:\WandaMaulidina\penggajian\system\Database\MySQLi\Connection.php:218
Stack trace:
#0 D:\WandaMaulidina\penggajian\system\Database\BaseConnection.php(391): CodeIgniter\Database\MySQLi\Connection->connect(false)
#1 D:\WandaMaulidina\penggajian\system\Database\BaseConnection.php(573): CodeIgniter\Database\BaseConnection->initialize()
#2 D:\WandaMaulidina\penggajian\system\Database\BaseBuilder.php(1602): CodeIgniter\Database\BaseConnection->query('SELECT `p`.`id`...', Array, false)
#3 D:\WandaMaulidina\penggajian\app\Models\AuthModel.php(18): CodeIgniter\Database\BaseBuilder->get()
#4 D:\WandaMaulidina\penggajian\app\Controllers\Auth.php(46): App\Models\AuthModel->process_login('sarah@gmail.com', 'sarah123')
#5 D:\WandaMaulidina\penggajian\system\CodeIgniter.php(934): App\Controllers\Auth->process_login()
#6 D:\WandaMaulidina\penggajian\system\CodeIgniter.php(499): CodeIgniter\CodeIgniter->runController(Object(App\Controllers\Auth))
#7 D:\WandaMaulidina\penggajian\system\CodeIgniter.php(368): CodeIgniter\CodeIgniter->handleRequest(NULL, Object(Config\Cache), false)
#8 D:\WandaMaulidina\penggajian\public\index.php(67): CodeIgniter\CodeIgniter->run()
#9 D:\WandaMaulidina\penggajian\system\Commands\Server\rewrite.php(47): require_once('D:\\WandaMaulidi...')
#10 {main}
CRITICAL - 2023-04-02 13:33:59 --> Unable to connect to the database.
Main connection [MySQLi]: No connection could be made because the target machine actively refused it.

in SYSTEMPATH\Database\BaseConnection.php on line 427.
 1 SYSTEMPATH\Database\BaseConnection.php(573): CodeIgniter\Database\BaseConnection->initialize()
 2 SYSTEMPATH\Database\BaseBuilder.php(1602): CodeIgniter\Database\BaseConnection->query('SELECT `p`.`id`, `p`.`nama`, `p`.`email`, `p`.`password`, `p`.`profil`, `j`.`nama` as `jabatan`
FROM `pengguna` `p`
JOIN `jabatan` `j` ON `p`.`id_jabatan` = `j`.`id`
WHERE `p`.`email` = :p.email:', [...], false)
 3 APPPATH\Models\AuthModel.php(18): CodeIgniter\Database\BaseBuilder->get()
 4 APPPATH\Controllers\Auth.php(46): App\Models\AuthModel->process_login('sarah@gmail.com', 'sarah123')
 5 SYSTEMPATH\CodeIgniter.php(934): App\Controllers\Auth->process_login()
 6 SYSTEMPATH\CodeIgniter.php(499): CodeIgniter\CodeIgniter->runController(Object(App\Controllers\Auth))
 7 SYSTEMPATH\CodeIgniter.php(368): CodeIgniter\CodeIgniter->handleRequest(null, Object(Config\Cache), false)
 8 FCPATH\index.php(67): CodeIgniter\CodeIgniter->run()
 9 SYSTEMPATH\Commands\Server\rewrite.php(47): require_once('FCPATH\\index.php')
INFO - 2023-04-02 13:34:40 --> Session: Class initialized using 'CodeIgniter\Session\Handlers\FileHandler' driver.
INFO - 2023-04-02 13:34:40 --> Session: Class initialized using 'CodeIgniter\Session\Handlers\FileHandler' driver.
INFO - 2023-04-02 13:34:57 --> Session: Class initialized using 'CodeIgniter\Session\Handlers\FileHandler' driver.
INFO - 2023-04-02 13:35:00 --> Session: Class initialized using 'CodeIgniter\Session\Handlers\FileHandler' driver.
INFO - 2023-04-02 13:35:01 --> Session: Class initialized using 'CodeIgniter\Session\Handlers\FileHandler' driver.
INFO - 2023-04-02 13:35:42 --> Session: Class initialized using 'CodeIgniter\Session\Handlers\FileHandler' driver.
INFO - 2023-04-02 13:35:43 --> Session: Class initialized using 'CodeIgniter\Session\Handlers\FileHandler' driver.
INFO - 2023-04-02 13:35:44 --> Session: Class initialized using 'CodeIgniter\Session\Handlers\FileHandler' driver.
INFO - 2023-04-02 13:35:52 --> Session: Class initialized using 'CodeIgniter\Session\Handlers\FileHandler' driver.
INFO - 2023-04-02 13:36:15 --> Session: Class initialized using 'CodeIgniter\Session\Handlers\FileHandler' driver.
INFO - 2023-04-02 13:36:16 --> Session: Class initialized using 'CodeIgniter\Session\Handlers\FileHandler' driver.
INFO - 2023-04-02 13:36:23 --> Session: Class initialized using 'CodeIgniter\Session\Handlers\FileHandler' driver.
INFO - 2023-04-02 13:36:24 --> Session: Class initialized using 'CodeIgniter\Session\Handlers\FileHandler' driver.
INFO - 2023-04-02 13:36:25 --> Session: Class initialized using 'CodeIgniter\Session\Handlers\FileHandler' driver.
INFO - 2023-04-02 13:36:36 --> Session: Class initialized using 'CodeIgniter\Session\Handlers\FileHandler' driver.
INFO - 2023-04-02 13:36:36 --> Session: Class initialized using 'CodeIgniter\Session\Handlers\FileHandler' driver.
INFO - 2023-04-02 13:36:51 --> Session: Class initialized using 'CodeIgniter\Session\Handlers\FileHandler' driver.
INFO - 2023-04-02 13:36:51 --> Session: Class initialized using 'CodeIgniter\Session\Handlers\FileHandler' driver.
INFO - 2023-04-02 13:37:13 --> Session: Class initialized using 'CodeIgniter\Session\Handlers\FileHandler' driver.
INFO - 2023-04-02 13:37:15 --> Session: Class initialized using 'CodeIgniter\Session\Handlers\FileHandler' driver.
INFO - 2023-04-02 13:37:15 --> Session: Class initialized using 'CodeIgniter\Session\Handlers\FileHandler' driver.
INFO - 2023-04-02 13:37:24 --> Session: Class initialized using 'CodeIgniter\Session\Handlers\FileHandler' driver.
INFO - 2023-04-02 13:37:26 --> Session: Class initialized using 'CodeIgniter\Session\Handlers\FileHandler' driver.
INFO - 2023-04-02 13:37:29 --> Session: Class initialized using 'CodeIgniter\Session\Handlers\FileHandler' driver.
INFO - 2023-04-02 13:37:58 --> Session: Class initialized using 'CodeIgniter\Session\Handlers\FileHandler' driver.
INFO - 2023-04-02 13:37:59 --> Session: Class initialized using 'CodeIgniter\Session\Handlers\FileHandler' driver.
INFO - 2023-04-02 13:38:09 --> Session: Class initialized using 'CodeIgniter\Session\Handlers\FileHandler' driver.
INFO - 2023-04-02 13:39:52 --> Session: Class initialized using 'CodeIgniter\Session\Handlers\FileHandler' driver.
INFO - 2023-04-02 13:39:53 --> Session: Class initialized using 'CodeIgniter\Session\Handlers\FileHandler' driver.
INFO - 2023-04-02 13:40:14 --> Session: Class initialized using 'CodeIgniter\Session\Handlers\FileHandler' driver.
INFO - 2023-04-02 13:40:15 --> Session: Class initialized using 'CodeIgniter\Session\Handlers\FileHandler' driver.
INFO - 2023-04-02 13:40:29 --> Session: Class initialized using 'CodeIgniter\Session\Handlers\FileHandler' driver.
INFO - 2023-04-02 13:40:29 --> Session: Class initialized using 'CodeIgniter\Session\Handlers\FileHandler' driver.
INFO - 2023-04-02 14:01:54 --> Session: Class initialized using 'CodeIgniter\Session\Handlers\FileHandler' driver.
INFO - 2023-04-02 14:03:35 --> Session: Class initialized using 'CodeIgniter\Session\Handlers\FileHandler' driver.
INFO - 2023-04-02 14:03:35 --> Session: Class initialized using 'CodeIgniter\Session\Handlers\FileHandler' driver.
INFO - 2023-04-02 14:05:08 --> Session: Class initialized using 'CodeIgniter\Session\Handlers\FileHandler' driver.
INFO - 2023-04-02 14:05:17 --> Session: Class initialized using 'CodeIgniter\Session\Handlers\FileHandler' driver.
INFO - 2023-04-02 14:05:17 --> Session: Class initialized using 'CodeIgniter\Session\Handlers\FileHandler' driver.
