INFO - 2023-02-13 10:02:07 --> Session: Class initialized using 'CodeIgniter\Session\Handlers\FileHandler' driver.
INFO - 2023-02-13 10:02:10 --> Session: Class initialized using 'CodeIgniter\Session\Handlers\FileHandler' driver.
INFO - 2023-02-13 10:02:11 --> Session: Class initialized using 'CodeIgniter\Session\Handlers\FileHandler' driver.
CRITICAL - 2023-02-13 10:02:21 --> Undefined variable: MemberModel
in APPPATH\Controllers\Login.php on line 25.
 1 APPPATH\Controllers\Login.php(25): CodeIgniter\Debug\Exceptions->errorHandler(8, 'Undefined variable: MemberModel', 'APPPATH\\Controllers\\Login.php', 25, [...])
 2 SYSTEMPATH\CodeIgniter.php(934): App\Controllers\Login->Login()
 3 SYSTEMPATH\CodeIgniter.php(499): CodeIgniter\CodeIgniter->runController(Object(App\Controllers\Login))
 4 SYSTEMPATH\CodeIgniter.php(368): CodeIgniter\CodeIgniter->handleRequest(null, Object(Config\Cache), false)
 5 FCPATH\index.php(67): CodeIgniter\CodeIgniter->run()
 6 SYSTEMPATH\Commands\Server\rewrite.php(47): require_once('FCPATH\\index.php')
CRITICAL - 2023-02-13 10:10:56 --> Undefined variable: Member_Model
in APPPATH\Controllers\Login.php on line 25.
 1 APPPATH\Controllers\Login.php(25): CodeIgniter\Debug\Exceptions->errorHandler(8, 'Undefined variable: Member_Model', 'APPPATH\\Controllers\\Login.php', 25, [...])
 2 SYSTEMPATH\CodeIgniter.php(934): App\Controllers\Login->Login()
 3 SYSTEMPATH\CodeIgniter.php(499): CodeIgniter\CodeIgniter->runController(Object(App\Controllers\Login))
 4 SYSTEMPATH\CodeIgniter.php(368): CodeIgniter\CodeIgniter->handleRequest(null, Object(Config\Cache), false)
 5 FCPATH\index.php(67): CodeIgniter\CodeIgniter->run()
 6 SYSTEMPATH\Commands\Server\rewrite.php(47): require_once('FCPATH\\index.php')
CRITICAL - 2023-02-13 10:11:54 --> Undefined variable: Model_member
in APPPATH\Controllers\Login.php on line 25.
 1 APPPATH\Controllers\Login.php(25): CodeIgniter\Debug\Exceptions->errorHandler(8, 'Undefined variable: Model_member', 'APPPATH\\Controllers\\Login.php', 25, [...])
 2 SYSTEMPATH\CodeIgniter.php(934): App\Controllers\Login->Login()
 3 SYSTEMPATH\CodeIgniter.php(499): CodeIgniter\CodeIgniter->runController(Object(App\Controllers\Login))
 4 SYSTEMPATH\CodeIgniter.php(368): CodeIgniter\CodeIgniter->handleRequest(null, Object(Config\Cache), false)
 5 FCPATH\index.php(67): CodeIgniter\CodeIgniter->run()
 6 SYSTEMPATH\Commands\Server\rewrite.php(47): require_once('FCPATH\\index.php')
CRITICAL - 2023-02-13 10:28:06 --> Undefined variable: MemberModel
in APPPATH\Controllers\Login.php on line 25.
 1 APPPATH\Controllers\Login.php(25): CodeIgniter\Debug\Exceptions->errorHandler(8, 'Undefined variable: MemberModel', 'APPPATH\\Controllers\\Login.php', 25, [...])
 2 SYSTEMPATH\CodeIgniter.php(934): App\Controllers\Login->Login()
 3 SYSTEMPATH\CodeIgniter.php(499): CodeIgniter\CodeIgniter->runController(Object(App\Controllers\Login))
 4 SYSTEMPATH\CodeIgniter.php(368): CodeIgniter\CodeIgniter->handleRequest(null, Object(Config\Cache), false)
 5 FCPATH\index.php(67): CodeIgniter\CodeIgniter->run()
 6 SYSTEMPATH\Commands\Server\rewrite.php(47): require_once('FCPATH\\index.php')
INFO - 2023-02-13 10:28:14 --> Session: Class initialized using 'CodeIgniter\Session\Handlers\FileHandler' driver.
INFO - 2023-02-13 10:28:20 --> Session: Class initialized using 'CodeIgniter\Session\Handlers\FileHandler' driver.
INFO - 2023-02-13 10:28:51 --> Session: Class initialized using 'CodeIgniter\Session\Handlers\FileHandler' driver.
CRITICAL - 2023-02-13 10:28:58 --> Undefined variable: MemberModel
in APPPATH\Controllers\Login.php on line 25.
 1 APPPATH\Controllers\Login.php(25): CodeIgniter\Debug\Exceptions->errorHandler(8, 'Undefined variable: MemberModel', 'APPPATH\\Controllers\\Login.php', 25, [...])
 2 SYSTEMPATH\CodeIgniter.php(934): App\Controllers\Login->Login()
 3 SYSTEMPATH\CodeIgniter.php(499): CodeIgniter\CodeIgniter->runController(Object(App\Controllers\Login))
 4 SYSTEMPATH\CodeIgniter.php(368): CodeIgniter\CodeIgniter->handleRequest(null, Object(Config\Cache), false)
 5 FCPATH\index.php(67): CodeIgniter\CodeIgniter->run()
 6 SYSTEMPATH\Commands\Server\rewrite.php(47): require_once('FCPATH\\index.php')
INFO - 2023-02-13 10:32:08 --> Session: Class initialized using 'CodeIgniter\Session\Handlers\FileHandler' driver.
CRITICAL - 2023-02-13 10:32:18 --> Undefined variable: MemberModel
in APPPATH\Controllers\Login.php on line 25.
 1 APPPATH\Controllers\Login.php(25): CodeIgniter\Debug\Exceptions->errorHandler(8, 'Undefined variable: MemberModel', 'APPPATH\\Controllers\\Login.php', 25, [...])
 2 SYSTEMPATH\CodeIgniter.php(934): App\Controllers\Login->Login()
 3 SYSTEMPATH\CodeIgniter.php(499): CodeIgniter\CodeIgniter->runController(Object(App\Controllers\Login))
 4 SYSTEMPATH\CodeIgniter.php(368): CodeIgniter\CodeIgniter->handleRequest(null, Object(Config\Cache), false)
 5 FCPATH\index.php(67): CodeIgniter\CodeIgniter->run()
 6 SYSTEMPATH\Commands\Server\rewrite.php(47): require_once('FCPATH\\index.php')
INFO - 2023-02-13 13:18:55 --> Session: Class initialized using 'CodeIgniter\Session\Handlers\FileHandler' driver.
INFO - 2023-02-13 13:19:10 --> Session: Class initialized using 'CodeIgniter\Session\Handlers\FileHandler' driver.
INFO - 2023-02-13 13:19:17 --> Session: Class initialized using 'CodeIgniter\Session\Handlers\FileHandler' driver.
INFO - 2023-02-13 13:19:18 --> Session: Class initialized using 'CodeIgniter\Session\Handlers\FileHandler' driver.
CRITICAL - 2023-02-13 13:19:32 --> Undefined variable: MemberModel
in APPPATH\Controllers\Login.php on line 25.
 1 APPPATH\Controllers\Login.php(25): CodeIgniter\Debug\Exceptions->errorHandler(8, 'Undefined variable: MemberModel', 'APPPATH\\Controllers\\Login.php', 25, [...])
 2 SYSTEMPATH\CodeIgniter.php(934): App\Controllers\Login->Login()
 3 SYSTEMPATH\CodeIgniter.php(499): CodeIgniter\CodeIgniter->runController(Object(App\Controllers\Login))
 4 SYSTEMPATH\CodeIgniter.php(368): CodeIgniter\CodeIgniter->handleRequest(null, Object(Config\Cache), false)
 5 FCPATH\index.php(67): CodeIgniter\CodeIgniter->run()
 6 SYSTEMPATH\Commands\Server\rewrite.php(47): require_once('FCPATH\\index.php')
CRITICAL - 2023-02-13 13:20:46 --> Undefined variable: Model_member
in APPPATH\Controllers\Login.php on line 25.
 1 APPPATH\Controllers\Login.php(25): CodeIgniter\Debug\Exceptions->errorHandler(8, 'Undefined variable: Model_member', 'APPPATH\\Controllers\\Login.php', 25, [...])
 2 SYSTEMPATH\CodeIgniter.php(934): App\Controllers\Login->Login()
 3 SYSTEMPATH\CodeIgniter.php(499): CodeIgniter\CodeIgniter->runController(Object(App\Controllers\Login))
 4 SYSTEMPATH\CodeIgniter.php(368): CodeIgniter\CodeIgniter->handleRequest(null, Object(Config\Cache), false)
 5 FCPATH\index.php(67): CodeIgniter\CodeIgniter->run()
 6 SYSTEMPATH\Commands\Server\rewrite.php(47): require_once('FCPATH\\index.php')
CRITICAL - 2023-02-13 13:21:06 --> Undefined variable: Model_Member
in APPPATH\Controllers\Login.php on line 25.
 1 APPPATH\Controllers\Login.php(25): CodeIgniter\Debug\Exceptions->errorHandler(8, 'Undefined variable: Model_Member', 'APPPATH\\Controllers\\Login.php', 25, [...])
 2 SYSTEMPATH\CodeIgniter.php(934): App\Controllers\Login->Login()
 3 SYSTEMPATH\CodeIgniter.php(499): CodeIgniter\CodeIgniter->runController(Object(App\Controllers\Login))
 4 SYSTEMPATH\CodeIgniter.php(368): CodeIgniter\CodeIgniter->handleRequest(null, Object(Config\Cache), false)
 5 FCPATH\index.php(67): CodeIgniter\CodeIgniter->run()
 6 SYSTEMPATH\Commands\Server\rewrite.php(47): require_once('FCPATH\\index.php')
INFO - 2023-02-13 13:24:14 --> Session: Class initialized using 'CodeIgniter\Session\Handlers\FileHandler' driver.
INFO - 2023-02-13 13:24:15 --> Session: Class initialized using 'CodeIgniter\Session\Handlers\FileHandler' driver.
INFO - 2023-02-13 13:24:27 --> Session: Class initialized using 'CodeIgniter\Session\Handlers\FileHandler' driver.
INFO - 2023-02-13 13:24:28 --> Session: Class initialized using 'CodeIgniter\Session\Handlers\FileHandler' driver.
INFO - 2023-02-13 13:24:36 --> Session: Class initialized using 'CodeIgniter\Session\Handlers\FileHandler' driver.
INFO - 2023-02-13 13:24:37 --> Session: Class initialized using 'CodeIgniter\Session\Handlers\FileHandler' driver.
ERROR - 2023-02-13 13:31:54 --> mysqli_sql_exception: Unknown column 'gaji_pokok' in 'field list' in D:\WandaMaulidina\penggajian\system\Database\MySQLi\Connection.php:295
Stack trace:
#0 D:\WandaMaulidina\penggajian\system\Database\MySQLi\Connection.php(295): mysqli->query('SELECT id,gaji_...', 0)
#1 D:\WandaMaulidina\penggajian\system\Database\BaseConnection.php(691): CodeIgniter\Database\MySQLi\Connection->execute('SELECT id,gaji_...')
#2 D:\WandaMaulidina\penggajian\system\Database\BaseConnection.php(605): CodeIgniter\Database\BaseConnection->simpleQuery('SELECT id,gaji_...')
#3 D:\WandaMaulidina\penggajian\app\Models\PenggunaModel.php(21): CodeIgniter\Database\BaseConnection->query('SELECT id,gaji_...')
#4 D:\WandaMaulidina\penggajian\app\Controllers\Backend.php(400): App\Models\PenggunaModel->data()
#5 D:\WandaMaulidina\penggajian\system\CodeIgniter.php(934): App\Controllers\Backend->data_pengguna()
#6 D:\WandaMaulidina\penggajian\system\CodeIgniter.php(499): CodeIgniter\CodeIgniter->runController(Object(App\Controllers\Backend))
#7 D:\WandaMaulidina\penggajian\system\CodeIgniter.php(368): CodeIgniter\CodeIgniter->handleRequest(NULL, Object(Config\Cache), false)
#8 D:\WandaMaulidina\penggajian\public\index.php(67): CodeIgniter\CodeIgniter->run()
#9 D:\WandaMaulidina\penggajian\system\Commands\Server\rewrite.php(47): require_once('D:\\WandaMaulidi...')
#10 {main}
CRITICAL - 2023-02-13 13:31:54 --> Unknown column 'gaji_pokok' in 'field list'
in SYSTEMPATH\Database\BaseConnection.php on line 645.
 1 APPPATH\Models\PenggunaModel.php(21): CodeIgniter\Database\BaseConnection->query('SELECT id,gaji_pokok,uang_makan,uang_transport FROM pengguna')
 2 APPPATH\Controllers\Backend.php(400): App\Models\PenggunaModel->data()
 3 SYSTEMPATH\CodeIgniter.php(934): App\Controllers\Backend->data_pengguna()
 4 SYSTEMPATH\CodeIgniter.php(499): CodeIgniter\CodeIgniter->runController(Object(App\Controllers\Backend))
 5 SYSTEMPATH\CodeIgniter.php(368): CodeIgniter\CodeIgniter->handleRequest(null, Object(Config\Cache), false)
 6 FCPATH\index.php(67): CodeIgniter\CodeIgniter->run()
 7 SYSTEMPATH\Commands\Server\rewrite.php(47): require_once('FCPATH\\index.php')
ERROR - 2023-02-13 13:32:50 --> mysqli_sql_exception: Unknown column 'gaji_pokok' in 'field list' in D:\WandaMaulidina\penggajian\system\Database\MySQLi\Connection.php:295
Stack trace:
#0 D:\WandaMaulidina\penggajian\system\Database\MySQLi\Connection.php(295): mysqli->query('SELECT id,gaji_...', 0)
#1 D:\WandaMaulidina\penggajian\system\Database\BaseConnection.php(691): CodeIgniter\Database\MySQLi\Connection->execute('SELECT id,gaji_...')
#2 D:\WandaMaulidina\penggajian\system\Database\BaseConnection.php(605): CodeIgniter\Database\BaseConnection->simpleQuery('SELECT id,gaji_...')
#3 D:\WandaMaulidina\penggajian\app\Models\PenggunaModel.php(21): CodeIgniter\Database\BaseConnection->query('SELECT id,gaji_...')
#4 D:\WandaMaulidina\penggajian\app\Controllers\Backend.php(400): App\Models\PenggunaModel->data()
#5 D:\WandaMaulidina\penggajian\system\CodeIgniter.php(934): App\Controllers\Backend->data_pengguna()
#6 D:\WandaMaulidina\penggajian\system\CodeIgniter.php(499): CodeIgniter\CodeIgniter->runController(Object(App\Controllers\Backend))
#7 D:\WandaMaulidina\penggajian\system\CodeIgniter.php(368): CodeIgniter\CodeIgniter->handleRequest(NULL, Object(Config\Cache), false)
#8 D:\WandaMaulidina\penggajian\public\index.php(67): CodeIgniter\CodeIgniter->run()
#9 D:\WandaMaulidina\penggajian\system\Commands\Server\rewrite.php(47): require_once('D:\\WandaMaulidi...')
#10 {main}
CRITICAL - 2023-02-13 13:32:50 --> Unknown column 'gaji_pokok' in 'field list'
in SYSTEMPATH\Database\BaseConnection.php on line 645.
 1 APPPATH\Models\PenggunaModel.php(21): CodeIgniter\Database\BaseConnection->query('SELECT id,gaji_pokok,uang_makan,uang_transport FROM pengguna')
 2 APPPATH\Controllers\Backend.php(400): App\Models\PenggunaModel->data()
 3 SYSTEMPATH\CodeIgniter.php(934): App\Controllers\Backend->data_pengguna()
 4 SYSTEMPATH\CodeIgniter.php(499): CodeIgniter\CodeIgniter->runController(Object(App\Controllers\Backend))
 5 SYSTEMPATH\CodeIgniter.php(368): CodeIgniter\CodeIgniter->handleRequest(null, Object(Config\Cache), false)
 6 FCPATH\index.php(67): CodeIgniter\CodeIgniter->run()
 7 SYSTEMPATH\Commands\Server\rewrite.php(47): require_once('FCPATH\\index.php')
