INFO - 2023-02-10 05:44:12 --> Session: Class initialized using 'CodeIgniter\Session\Handlers\FileHandler' driver.
CRITICAL - 2023-02-10 05:44:27 --> Undefined variable: MemberModel
in APPPATH\Controllers\Login.php on line 25.
 1 APPPATH\Controllers\Login.php(25): CodeIgniter\Debug\Exceptions->errorHandler(8, 'Undefined variable: MemberModel', 'APPPATH\\Controllers\\Login.php', 25, [...])
 2 SYSTEMPATH\CodeIgniter.php(934): App\Controllers\Login->Login()
 3 SYSTEMPATH\CodeIgniter.php(499): CodeIgniter\CodeIgniter->runController(Object(App\Controllers\Login))
 4 SYSTEMPATH\CodeIgniter.php(368): CodeIgniter\CodeIgniter->handleRequest(null, Object(Config\Cache), false)
 5 FCPATH\index.php(67): CodeIgniter\CodeIgniter->run()
 6 SYSTEMPATH\Commands\Server\rewrite.php(47): require_once('FCPATH\\index.php')
CRITICAL - 2023-02-10 05:45:27 --> Undefined variable: dataMember
in APPPATH\Controllers\Login.php on line 33.
 1 APPPATH\Controllers\Login.php(33): CodeIgniter\Debug\Exceptions->errorHandler(8, 'Undefined variable: dataMember', 'APPPATH\\Controllers\\Login.php', 33, [...])
 2 SYSTEMPATH\CodeIgniter.php(934): App\Controllers\Login->Login()
 3 SYSTEMPATH\CodeIgniter.php(499): CodeIgniter\CodeIgniter->runController(Object(App\Controllers\Login))
 4 SYSTEMPATH\CodeIgniter.php(368): CodeIgniter\CodeIgniter->handleRequest(null, Object(Config\Cache), false)
 5 FCPATH\index.php(67): CodeIgniter\CodeIgniter->run()
 6 SYSTEMPATH\Commands\Server\rewrite.php(47): require_once('FCPATH\\index.php')
CRITICAL - 2023-02-10 05:45:56 --> Undefined variable: err
in APPPATH\Controllers\Login.php on line 40.
 1 APPPATH\Controllers\Login.php(40): CodeIgniter\Debug\Exceptions->errorHandler(8, 'Undefined variable: err', 'APPPATH\\Controllers\\Login.php', 40, [...])
 2 SYSTEMPATH\CodeIgniter.php(934): App\Controllers\Login->Login()
 3 SYSTEMPATH\CodeIgniter.php(499): CodeIgniter\CodeIgniter->runController(Object(App\Controllers\Login))
 4 SYSTEMPATH\CodeIgniter.php(368): CodeIgniter\CodeIgniter->handleRequest(null, Object(Config\Cache), false)
 5 FCPATH\index.php(67): CodeIgniter\CodeIgniter->run()
 6 SYSTEMPATH\Commands\Server\rewrite.php(47): require_once('FCPATH\\index.php')
CRITICAL - 2023-02-10 05:46:13 --> Undefined variable: errors
in APPPATH\Controllers\Login.php on line 40.
 1 APPPATH\Controllers\Login.php(40): CodeIgniter\Debug\Exceptions->errorHandler(8, 'Undefined variable: errors', 'APPPATH\\Controllers\\Login.php', 40, [...])
 2 SYSTEMPATH\CodeIgniter.php(934): App\Controllers\Login->Login()
 3 SYSTEMPATH\CodeIgniter.php(499): CodeIgniter\CodeIgniter->runController(Object(App\Controllers\Login))
 4 SYSTEMPATH\CodeIgniter.php(368): CodeIgniter\CodeIgniter->handleRequest(null, Object(Config\Cache), false)
 5 FCPATH\index.php(67): CodeIgniter\CodeIgniter->run()
 6 SYSTEMPATH\Commands\Server\rewrite.php(47): require_once('FCPATH\\index.php')
INFO - 2023-02-10 05:46:45 --> Session: Class initialized using 'CodeIgniter\Session\Handlers\FileHandler' driver.
INFO - 2023-02-10 05:46:56 --> Session: Class initialized using 'CodeIgniter\Session\Handlers\FileHandler' driver.
INFO - 2023-02-10 05:47:20 --> Session: Class initialized using 'CodeIgniter\Session\Handlers\FileHandler' driver.
INFO - 2023-02-10 05:47:31 --> Session: Class initialized using 'CodeIgniter\Session\Handlers\FileHandler' driver.
CRITICAL - 2023-02-10 05:48:05 --> Undefined variable: MemberModel
in APPPATH\Controllers\Login.php on line 25.
 1 APPPATH\Controllers\Login.php(25): CodeIgniter\Debug\Exceptions->errorHandler(8, 'Undefined variable: MemberModel', 'APPPATH\\Controllers\\Login.php', 25, [...])
 2 SYSTEMPATH\CodeIgniter.php(934): App\Controllers\Login->Login()
 3 SYSTEMPATH\CodeIgniter.php(499): CodeIgniter\CodeIgniter->runController(Object(App\Controllers\Login))
 4 SYSTEMPATH\CodeIgniter.php(368): CodeIgniter\CodeIgniter->handleRequest(null, Object(Config\Cache), false)
 5 FCPATH\index.php(67): CodeIgniter\CodeIgniter->run()
 6 SYSTEMPATH\Commands\Server\rewrite.php(47): require_once('FCPATH\\index.php')
INFO - 2023-02-10 05:51:27 --> Session: Class initialized using 'CodeIgniter\Session\Handlers\FileHandler' driver.
INFO - 2023-02-10 05:51:27 --> Session: Class initialized using 'CodeIgniter\Session\Handlers\FileHandler' driver.
INFO - 2023-02-10 05:51:45 --> Session: Class initialized using 'CodeIgniter\Session\Handlers\FileHandler' driver.
INFO - 2023-02-10 05:51:52 --> Session: Class initialized using 'CodeIgniter\Session\Handlers\FileHandler' driver.
INFO - 2023-02-10 05:51:52 --> Session: Class initialized using 'CodeIgniter\Session\Handlers\FileHandler' driver.
CRITICAL - 2023-02-10 05:52:01 --> Undefined variable: MemberModel
in APPPATH\Controllers\Login.php on line 25.
 1 APPPATH\Controllers\Login.php(25): CodeIgniter\Debug\Exceptions->errorHandler(8, 'Undefined variable: MemberModel', 'APPPATH\\Controllers\\Login.php', 25, [...])
 2 SYSTEMPATH\CodeIgniter.php(934): App\Controllers\Login->Login()
 3 SYSTEMPATH\CodeIgniter.php(499): CodeIgniter\CodeIgniter->runController(Object(App\Controllers\Login))
 4 SYSTEMPATH\CodeIgniter.php(368): CodeIgniter\CodeIgniter->handleRequest(null, Object(Config\Cache), false)
 5 FCPATH\index.php(67): CodeIgniter\CodeIgniter->run()
 6 SYSTEMPATH\Commands\Server\rewrite.php(47): require_once('FCPATH\\index.php')
INFO - 2023-02-10 06:05:43 --> Session: Class initialized using 'CodeIgniter\Session\Handlers\FileHandler' driver.
INFO - 2023-02-10 06:09:20 --> Session: Class initialized using 'CodeIgniter\Session\Handlers\FileHandler' driver.
CRITICAL - 2023-02-10 06:09:26 --> Undefined variable: MemberModel
in APPPATH\Controllers\Login.php on line 25.
 1 APPPATH\Controllers\Login.php(25): CodeIgniter\Debug\Exceptions->errorHandler(8, 'Undefined variable: MemberModel', 'APPPATH\\Controllers\\Login.php', 25, [...])
 2 SYSTEMPATH\CodeIgniter.php(934): App\Controllers\Login->Login()
 3 SYSTEMPATH\CodeIgniter.php(499): CodeIgniter\CodeIgniter->runController(Object(App\Controllers\Login))
 4 SYSTEMPATH\CodeIgniter.php(368): CodeIgniter\CodeIgniter->handleRequest(null, Object(Config\Cache), false)
 5 FCPATH\index.php(67): CodeIgniter\CodeIgniter->run()
 6 SYSTEMPATH\Commands\Server\rewrite.php(47): require_once('FCPATH\\index.php')
CRITICAL - 2023-02-10 06:10:06 --> Undefined variable: ModelMember
in APPPATH\Controllers\Login.php on line 25.
 1 APPPATH\Controllers\Login.php(25): CodeIgniter\Debug\Exceptions->errorHandler(8, 'Undefined variable: ModelMember', 'APPPATH\\Controllers\\Login.php', 25, [...])
 2 SYSTEMPATH\CodeIgniter.php(934): App\Controllers\Login->Login()
 3 SYSTEMPATH\CodeIgniter.php(499): CodeIgniter\CodeIgniter->runController(Object(App\Controllers\Login))
 4 SYSTEMPATH\CodeIgniter.php(368): CodeIgniter\CodeIgniter->handleRequest(null, Object(Config\Cache), false)
 5 FCPATH\index.php(67): CodeIgniter\CodeIgniter->run()
 6 SYSTEMPATH\Commands\Server\rewrite.php(47): require_once('FCPATH\\index.php')
INFO - 2023-02-10 06:11:07 --> Session: Class initialized using 'CodeIgniter\Session\Handlers\FileHandler' driver.
INFO - 2023-02-10 06:11:09 --> Session: Class initialized using 'CodeIgniter\Session\Handlers\FileHandler' driver.
CRITICAL - 2023-02-10 06:11:21 --> Undefined variable: MemberModel
in APPPATH\Controllers\Login.php on line 25.
 1 APPPATH\Controllers\Login.php(25): CodeIgniter\Debug\Exceptions->errorHandler(8, 'Undefined variable: MemberModel', 'APPPATH\\Controllers\\Login.php', 25, [...])
 2 SYSTEMPATH\CodeIgniter.php(934): App\Controllers\Login->Login()
 3 SYSTEMPATH\CodeIgniter.php(499): CodeIgniter\CodeIgniter->runController(Object(App\Controllers\Login))
 4 SYSTEMPATH\CodeIgniter.php(368): CodeIgniter\CodeIgniter->handleRequest(null, Object(Config\Cache), false)
 5 FCPATH\index.php(67): CodeIgniter\CodeIgniter->run()
 6 SYSTEMPATH\Commands\Server\rewrite.php(47): require_once('FCPATH\\index.php')
