INFO - 2023-03-25 08:00:00 --> Session: Class initialized using 'CodeIgniter\Session\Handlers\FileHandler' driver.
INFO - 2023-03-25 08:00:07 --> Session: Class initialized using 'CodeIgniter\Session\Handlers\FileHandler' driver.
ERROR - 2023-03-25 09:28:03 --> mysqli_sql_exception: Column 'id_jabatan' cannot be null in D:\WandaMaulidina\penggajian\system\Database\MySQLi\Connection.php:295
Stack trace:
#0 D:\WandaMaulidina\penggajian\system\Database\MySQLi\Connection.php(295): mysqli->query('INSERT INTO `pe...', 0)
#1 D:\WandaMaulidina\penggajian\system\Database\BaseConnection.php(691): CodeIgniter\Database\MySQLi\Connection->execute('INSERT INTO `pe...')
#2 D:\WandaMaulidina\penggajian\system\Database\BaseConnection.php(605): CodeIgniter\Database\BaseConnection->simpleQuery('INSERT INTO `pe...')
#3 D:\WandaMaulidina\penggajian\system\Database\BaseBuilder.php(2295): CodeIgniter\Database\BaseConnection->query('INSERT INTO `pe...', Array, false)
#4 D:\WandaMaulidina\penggajian\system\Model.php(329): CodeIgniter\Database\BaseBuilder->insert()
#5 D:\WandaMaulidina\penggajian\system\BaseModel.php(782): CodeIgniter\Model->doInsert(Array)
#6 D:\WandaMaulidina\penggajian\system\Model.php(729): CodeIgniter\BaseModel->insert(Array, false)
#7 D:\WandaMaulidina\penggajian\system\BaseModel.php(692): CodeIgniter\Model->insert(Array, false)
#8 D:\WandaMaulidina\penggajian\app\Controllers\Backend.php(421): CodeIgniter\BaseModel->save(Array)
#9 D:\WandaMaulidina\penggajian\system\CodeIgniter.php(934): App\Controllers\Backend->submit_pengguna()
#10 D:\WandaMaulidina\penggajian\system\CodeIgniter.php(499): CodeIgniter\CodeIgniter->runController(Object(App\Controllers\Backend))
#11 D:\WandaMaulidina\penggajian\system\CodeIgniter.php(368): CodeIgniter\CodeIgniter->handleRequest(NULL, Object(Config\Cache), false)
#12 D:\WandaMaulidina\penggajian\public\index.php(67): CodeIgniter\CodeIgniter->run()
#13 D:\WandaMaulidina\penggajian\system\Commands\Server\rewrite.php(47): require_once('D:\\WandaMaulidi...')
#14 {main}
CRITICAL - 2023-03-25 09:28:03 --> Column 'id_jabatan' cannot be null
in SYSTEMPATH\Database\BaseConnection.php on line 645.
 1 SYSTEMPATH\Database\BaseBuilder.php(2295): CodeIgniter\Database\BaseConnection->query('INSERT INTO `pengguna` (`id_jabatan`, `nama`, `email`, `password`) VALUES (:id_jabatan:, :nama:, :email:, :password:)', [...], false)
 2 SYSTEMPATH\Model.php(329): CodeIgniter\Database\BaseBuilder->insert()
 3 SYSTEMPATH\BaseModel.php(782): CodeIgniter\Model->doInsert([...])
 4 SYSTEMPATH\Model.php(729): CodeIgniter\BaseModel->insert([...], false)
 5 SYSTEMPATH\BaseModel.php(692): CodeIgniter\Model->insert([...], false)
 6 APPPATH\Controllers\Backend.php(421): CodeIgniter\BaseModel->save([...])
 7 SYSTEMPATH\CodeIgniter.php(934): App\Controllers\Backend->submit_pengguna()
 8 SYSTEMPATH\CodeIgniter.php(499): CodeIgniter\CodeIgniter->runController(Object(App\Controllers\Backend))
 9 SYSTEMPATH\CodeIgniter.php(368): CodeIgniter\CodeIgniter->handleRequest(null, Object(Config\Cache), false)
10 FCPATH\index.php(67): CodeIgniter\CodeIgniter->run()
11 SYSTEMPATH\Commands\Server\rewrite.php(47): require_once('FCPATH\\index.php')
ERROR - 2023-03-25 09:28:06 --> mysqli_sql_exception: Column 'id_jabatan' cannot be null in D:\WandaMaulidina\penggajian\system\Database\MySQLi\Connection.php:295
Stack trace:
#0 D:\WandaMaulidina\penggajian\system\Database\MySQLi\Connection.php(295): mysqli->query('INSERT INTO `pe...', 0)
#1 D:\WandaMaulidina\penggajian\system\Database\BaseConnection.php(691): CodeIgniter\Database\MySQLi\Connection->execute('INSERT INTO `pe...')
#2 D:\WandaMaulidina\penggajian\system\Database\BaseConnection.php(605): CodeIgniter\Database\BaseConnection->simpleQuery('INSERT INTO `pe...')
#3 D:\WandaMaulidina\penggajian\system\Database\BaseBuilder.php(2295): CodeIgniter\Database\BaseConnection->query('INSERT INTO `pe...', Array, false)
#4 D:\WandaMaulidina\penggajian\system\Model.php(329): CodeIgniter\Database\BaseBuilder->insert()
#5 D:\WandaMaulidina\penggajian\system\BaseModel.php(782): CodeIgniter\Model->doInsert(Array)
#6 D:\WandaMaulidina\penggajian\system\Model.php(729): CodeIgniter\BaseModel->insert(Array, false)
#7 D:\WandaMaulidina\penggajian\system\BaseModel.php(692): CodeIgniter\Model->insert(Array, false)
#8 D:\WandaMaulidina\penggajian\app\Controllers\Backend.php(421): CodeIgniter\BaseModel->save(Array)
#9 D:\WandaMaulidina\penggajian\system\CodeIgniter.php(934): App\Controllers\Backend->submit_pengguna()
#10 D:\WandaMaulidina\penggajian\system\CodeIgniter.php(499): CodeIgniter\CodeIgniter->runController(Object(App\Controllers\Backend))
#11 D:\WandaMaulidina\penggajian\system\CodeIgniter.php(368): CodeIgniter\CodeIgniter->handleRequest(NULL, Object(Config\Cache), false)
#12 D:\WandaMaulidina\penggajian\public\index.php(67): CodeIgniter\CodeIgniter->run()
#13 D:\WandaMaulidina\penggajian\system\Commands\Server\rewrite.php(47): require_once('D:\\WandaMaulidi...')
#14 {main}
CRITICAL - 2023-03-25 09:28:06 --> Column 'id_jabatan' cannot be null
in SYSTEMPATH\Database\BaseConnection.php on line 645.
 1 SYSTEMPATH\Database\BaseBuilder.php(2295): CodeIgniter\Database\BaseConnection->query('INSERT INTO `pengguna` (`id_jabatan`, `nama`, `email`, `password`) VALUES (:id_jabatan:, :nama:, :email:, :password:)', [...], false)
 2 SYSTEMPATH\Model.php(329): CodeIgniter\Database\BaseBuilder->insert()
 3 SYSTEMPATH\BaseModel.php(782): CodeIgniter\Model->doInsert([...])
 4 SYSTEMPATH\Model.php(729): CodeIgniter\BaseModel->insert([...], false)
 5 SYSTEMPATH\BaseModel.php(692): CodeIgniter\Model->insert([...], false)
 6 APPPATH\Controllers\Backend.php(421): CodeIgniter\BaseModel->save([...])
 7 SYSTEMPATH\CodeIgniter.php(934): App\Controllers\Backend->submit_pengguna()
 8 SYSTEMPATH\CodeIgniter.php(499): CodeIgniter\CodeIgniter->runController(Object(App\Controllers\Backend))
 9 SYSTEMPATH\CodeIgniter.php(368): CodeIgniter\CodeIgniter->handleRequest(null, Object(Config\Cache), false)
10 FCPATH\index.php(67): CodeIgniter\CodeIgniter->run()
11 SYSTEMPATH\Commands\Server\rewrite.php(47): require_once('FCPATH\\index.php')
ERROR - 2023-03-25 09:28:08 --> mysqli_sql_exception: Column 'id_jabatan' cannot be null in D:\WandaMaulidina\penggajian\system\Database\MySQLi\Connection.php:295
Stack trace:
#0 D:\WandaMaulidina\penggajian\system\Database\MySQLi\Connection.php(295): mysqli->query('INSERT INTO `pe...', 0)
#1 D:\WandaMaulidina\penggajian\system\Database\BaseConnection.php(691): CodeIgniter\Database\MySQLi\Connection->execute('INSERT INTO `pe...')
#2 D:\WandaMaulidina\penggajian\system\Database\BaseConnection.php(605): CodeIgniter\Database\BaseConnection->simpleQuery('INSERT INTO `pe...')
#3 D:\WandaMaulidina\penggajian\system\Database\BaseBuilder.php(2295): CodeIgniter\Database\BaseConnection->query('INSERT INTO `pe...', Array, false)
#4 D:\WandaMaulidina\penggajian\system\Model.php(329): CodeIgniter\Database\BaseBuilder->insert()
#5 D:\WandaMaulidina\penggajian\system\BaseModel.php(782): CodeIgniter\Model->doInsert(Array)
#6 D:\WandaMaulidina\penggajian\system\Model.php(729): CodeIgniter\BaseModel->insert(Array, false)
#7 D:\WandaMaulidina\penggajian\system\BaseModel.php(692): CodeIgniter\Model->insert(Array, false)
#8 D:\WandaMaulidina\penggajian\app\Controllers\Backend.php(421): CodeIgniter\BaseModel->save(Array)
#9 D:\WandaMaulidina\penggajian\system\CodeIgniter.php(934): App\Controllers\Backend->submit_pengguna()
#10 D:\WandaMaulidina\penggajian\system\CodeIgniter.php(499): CodeIgniter\CodeIgniter->runController(Object(App\Controllers\Backend))
#11 D:\WandaMaulidina\penggajian\system\CodeIgniter.php(368): CodeIgniter\CodeIgniter->handleRequest(NULL, Object(Config\Cache), false)
#12 D:\WandaMaulidina\penggajian\public\index.php(67): CodeIgniter\CodeIgniter->run()
#13 D:\WandaMaulidina\penggajian\system\Commands\Server\rewrite.php(47): require_once('D:\\WandaMaulidi...')
#14 {main}
CRITICAL - 2023-03-25 09:28:08 --> Column 'id_jabatan' cannot be null
in SYSTEMPATH\Database\BaseConnection.php on line 645.
 1 SYSTEMPATH\Database\BaseBuilder.php(2295): CodeIgniter\Database\BaseConnection->query('INSERT INTO `pengguna` (`id_jabatan`, `nama`, `email`, `password`) VALUES (:id_jabatan:, :nama:, :email:, :password:)', [...], false)
 2 SYSTEMPATH\Model.php(329): CodeIgniter\Database\BaseBuilder->insert()
 3 SYSTEMPATH\BaseModel.php(782): CodeIgniter\Model->doInsert([...])
 4 SYSTEMPATH\Model.php(729): CodeIgniter\BaseModel->insert([...], false)
 5 SYSTEMPATH\BaseModel.php(692): CodeIgniter\Model->insert([...], false)
 6 APPPATH\Controllers\Backend.php(421): CodeIgniter\BaseModel->save([...])
 7 SYSTEMPATH\CodeIgniter.php(934): App\Controllers\Backend->submit_pengguna()
 8 SYSTEMPATH\CodeIgniter.php(499): CodeIgniter\CodeIgniter->runController(Object(App\Controllers\Backend))
 9 SYSTEMPATH\CodeIgniter.php(368): CodeIgniter\CodeIgniter->handleRequest(null, Object(Config\Cache), false)
10 FCPATH\index.php(67): CodeIgniter\CodeIgniter->run()
11 SYSTEMPATH\Commands\Server\rewrite.php(47): require_once('FCPATH\\index.php')
ERROR - 2023-03-25 09:28:09 --> mysqli_sql_exception: Column 'id_jabatan' cannot be null in D:\WandaMaulidina\penggajian\system\Database\MySQLi\Connection.php:295
Stack trace:
#0 D:\WandaMaulidina\penggajian\system\Database\MySQLi\Connection.php(295): mysqli->query('INSERT INTO `pe...', 0)
#1 D:\WandaMaulidina\penggajian\system\Database\BaseConnection.php(691): CodeIgniter\Database\MySQLi\Connection->execute('INSERT INTO `pe...')
#2 D:\WandaMaulidina\penggajian\system\Database\BaseConnection.php(605): CodeIgniter\Database\BaseConnection->simpleQuery('INSERT INTO `pe...')
#3 D:\WandaMaulidina\penggajian\system\Database\BaseBuilder.php(2295): CodeIgniter\Database\BaseConnection->query('INSERT INTO `pe...', Array, false)
#4 D:\WandaMaulidina\penggajian\system\Model.php(329): CodeIgniter\Database\BaseBuilder->insert()
#5 D:\WandaMaulidina\penggajian\system\BaseModel.php(782): CodeIgniter\Model->doInsert(Array)
#6 D:\WandaMaulidina\penggajian\system\Model.php(729): CodeIgniter\BaseModel->insert(Array, false)
#7 D:\WandaMaulidina\penggajian\system\BaseModel.php(692): CodeIgniter\Model->insert(Array, false)
#8 D:\WandaMaulidina\penggajian\app\Controllers\Backend.php(421): CodeIgniter\BaseModel->save(Array)
#9 D:\WandaMaulidina\penggajian\system\CodeIgniter.php(934): App\Controllers\Backend->submit_pengguna()
#10 D:\WandaMaulidina\penggajian\system\CodeIgniter.php(499): CodeIgniter\CodeIgniter->runController(Object(App\Controllers\Backend))
#11 D:\WandaMaulidina\penggajian\system\CodeIgniter.php(368): CodeIgniter\CodeIgniter->handleRequest(NULL, Object(Config\Cache), false)
#12 D:\WandaMaulidina\penggajian\public\index.php(67): CodeIgniter\CodeIgniter->run()
#13 D:\WandaMaulidina\penggajian\system\Commands\Server\rewrite.php(47): require_once('D:\\WandaMaulidi...')
#14 {main}
CRITICAL - 2023-03-25 09:28:09 --> Column 'id_jabatan' cannot be null
in SYSTEMPATH\Database\BaseConnection.php on line 645.
 1 SYSTEMPATH\Database\BaseBuilder.php(2295): CodeIgniter\Database\BaseConnection->query('INSERT INTO `pengguna` (`id_jabatan`, `nama`, `email`, `password`) VALUES (:id_jabatan:, :nama:, :email:, :password:)', [...], false)
 2 SYSTEMPATH\Model.php(329): CodeIgniter\Database\BaseBuilder->insert()
 3 SYSTEMPATH\BaseModel.php(782): CodeIgniter\Model->doInsert([...])
 4 SYSTEMPATH\Model.php(729): CodeIgniter\BaseModel->insert([...], false)
 5 SYSTEMPATH\BaseModel.php(692): CodeIgniter\Model->insert([...], false)
 6 APPPATH\Controllers\Backend.php(421): CodeIgniter\BaseModel->save([...])
 7 SYSTEMPATH\CodeIgniter.php(934): App\Controllers\Backend->submit_pengguna()
 8 SYSTEMPATH\CodeIgniter.php(499): CodeIgniter\CodeIgniter->runController(Object(App\Controllers\Backend))
 9 SYSTEMPATH\CodeIgniter.php(368): CodeIgniter\CodeIgniter->handleRequest(null, Object(Config\Cache), false)
10 FCPATH\index.php(67): CodeIgniter\CodeIgniter->run()
11 SYSTEMPATH\Commands\Server\rewrite.php(47): require_once('FCPATH\\index.php')
ERROR - 2023-03-25 09:28:10 --> mysqli_sql_exception: Column 'id_jabatan' cannot be null in D:\WandaMaulidina\penggajian\system\Database\MySQLi\Connection.php:295
Stack trace:
#0 D:\WandaMaulidina\penggajian\system\Database\MySQLi\Connection.php(295): mysqli->query('INSERT INTO `pe...', 0)
#1 D:\WandaMaulidina\penggajian\system\Database\BaseConnection.php(691): CodeIgniter\Database\MySQLi\Connection->execute('INSERT INTO `pe...')
#2 D:\WandaMaulidina\penggajian\system\Database\BaseConnection.php(605): CodeIgniter\Database\BaseConnection->simpleQuery('INSERT INTO `pe...')
#3 D:\WandaMaulidina\penggajian\system\Database\BaseBuilder.php(2295): CodeIgniter\Database\BaseConnection->query('INSERT INTO `pe...', Array, false)
#4 D:\WandaMaulidina\penggajian\system\Model.php(329): CodeIgniter\Database\BaseBuilder->insert()
#5 D:\WandaMaulidina\penggajian\system\BaseModel.php(782): CodeIgniter\Model->doInsert(Array)
#6 D:\WandaMaulidina\penggajian\system\Model.php(729): CodeIgniter\BaseModel->insert(Array, false)
#7 D:\WandaMaulidina\penggajian\system\BaseModel.php(692): CodeIgniter\Model->insert(Array, false)
#8 D:\WandaMaulidina\penggajian\app\Controllers\Backend.php(421): CodeIgniter\BaseModel->save(Array)
#9 D:\WandaMaulidina\penggajian\system\CodeIgniter.php(934): App\Controllers\Backend->submit_pengguna()
#10 D:\WandaMaulidina\penggajian\system\CodeIgniter.php(499): CodeIgniter\CodeIgniter->runController(Object(App\Controllers\Backend))
#11 D:\WandaMaulidina\penggajian\system\CodeIgniter.php(368): CodeIgniter\CodeIgniter->handleRequest(NULL, Object(Config\Cache), false)
#12 D:\WandaMaulidina\penggajian\public\index.php(67): CodeIgniter\CodeIgniter->run()
#13 D:\WandaMaulidina\penggajian\system\Commands\Server\rewrite.php(47): require_once('D:\\WandaMaulidi...')
#14 {main}
CRITICAL - 2023-03-25 09:28:10 --> Column 'id_jabatan' cannot be null
in SYSTEMPATH\Database\BaseConnection.php on line 645.
 1 SYSTEMPATH\Database\BaseBuilder.php(2295): CodeIgniter\Database\BaseConnection->query('INSERT INTO `pengguna` (`id_jabatan`, `nama`, `email`, `password`) VALUES (:id_jabatan:, :nama:, :email:, :password:)', [...], false)
 2 SYSTEMPATH\Model.php(329): CodeIgniter\Database\BaseBuilder->insert()
 3 SYSTEMPATH\BaseModel.php(782): CodeIgniter\Model->doInsert([...])
 4 SYSTEMPATH\Model.php(729): CodeIgniter\BaseModel->insert([...], false)
 5 SYSTEMPATH\BaseModel.php(692): CodeIgniter\Model->insert([...], false)
 6 APPPATH\Controllers\Backend.php(421): CodeIgniter\BaseModel->save([...])
 7 SYSTEMPATH\CodeIgniter.php(934): App\Controllers\Backend->submit_pengguna()
 8 SYSTEMPATH\CodeIgniter.php(499): CodeIgniter\CodeIgniter->runController(Object(App\Controllers\Backend))
 9 SYSTEMPATH\CodeIgniter.php(368): CodeIgniter\CodeIgniter->handleRequest(null, Object(Config\Cache), false)
10 FCPATH\index.php(67): CodeIgniter\CodeIgniter->run()
11 SYSTEMPATH\Commands\Server\rewrite.php(47): require_once('FCPATH\\index.php')
ERROR - 2023-03-25 09:28:11 --> mysqli_sql_exception: Column 'id_jabatan' cannot be null in D:\WandaMaulidina\penggajian\system\Database\MySQLi\Connection.php:295
Stack trace:
#0 D:\WandaMaulidina\penggajian\system\Database\MySQLi\Connection.php(295): mysqli->query('INSERT INTO `pe...', 0)
#1 D:\WandaMaulidina\penggajian\system\Database\BaseConnection.php(691): CodeIgniter\Database\MySQLi\Connection->execute('INSERT INTO `pe...')
#2 D:\WandaMaulidina\penggajian\system\Database\BaseConnection.php(605): CodeIgniter\Database\BaseConnection->simpleQuery('INSERT INTO `pe...')
#3 D:\WandaMaulidina\penggajian\system\Database\BaseBuilder.php(2295): CodeIgniter\Database\BaseConnection->query('INSERT INTO `pe...', Array, false)
#4 D:\WandaMaulidina\penggajian\system\Model.php(329): CodeIgniter\Database\BaseBuilder->insert()
#5 D:\WandaMaulidina\penggajian\system\BaseModel.php(782): CodeIgniter\Model->doInsert(Array)
#6 D:\WandaMaulidina\penggajian\system\Model.php(729): CodeIgniter\BaseModel->insert(Array, false)
#7 D:\WandaMaulidina\penggajian\system\BaseModel.php(692): CodeIgniter\Model->insert(Array, false)
#8 D:\WandaMaulidina\penggajian\app\Controllers\Backend.php(421): CodeIgniter\BaseModel->save(Array)
#9 D:\WandaMaulidina\penggajian\system\CodeIgniter.php(934): App\Controllers\Backend->submit_pengguna()
#10 D:\WandaMaulidina\penggajian\system\CodeIgniter.php(499): CodeIgniter\CodeIgniter->runController(Object(App\Controllers\Backend))
#11 D:\WandaMaulidina\penggajian\system\CodeIgniter.php(368): CodeIgniter\CodeIgniter->handleRequest(NULL, Object(Config\Cache), false)
#12 D:\WandaMaulidina\penggajian\public\index.php(67): CodeIgniter\CodeIgniter->run()
#13 D:\WandaMaulidina\penggajian\system\Commands\Server\rewrite.php(47): require_once('D:\\WandaMaulidi...')
#14 {main}
CRITICAL - 2023-03-25 09:28:11 --> Column 'id_jabatan' cannot be null
in SYSTEMPATH\Database\BaseConnection.php on line 645.
 1 SYSTEMPATH\Database\BaseBuilder.php(2295): CodeIgniter\Database\BaseConnection->query('INSERT INTO `pengguna` (`id_jabatan`, `nama`, `email`, `password`) VALUES (:id_jabatan:, :nama:, :email:, :password:)', [...], false)
 2 SYSTEMPATH\Model.php(329): CodeIgniter\Database\BaseBuilder->insert()
 3 SYSTEMPATH\BaseModel.php(782): CodeIgniter\Model->doInsert([...])
 4 SYSTEMPATH\Model.php(729): CodeIgniter\BaseModel->insert([...], false)
 5 SYSTEMPATH\BaseModel.php(692): CodeIgniter\Model->insert([...], false)
 6 APPPATH\Controllers\Backend.php(421): CodeIgniter\BaseModel->save([...])
 7 SYSTEMPATH\CodeIgniter.php(934): App\Controllers\Backend->submit_pengguna()
 8 SYSTEMPATH\CodeIgniter.php(499): CodeIgniter\CodeIgniter->runController(Object(App\Controllers\Backend))
 9 SYSTEMPATH\CodeIgniter.php(368): CodeIgniter\CodeIgniter->handleRequest(null, Object(Config\Cache), false)
10 FCPATH\index.php(67): CodeIgniter\CodeIgniter->run()
11 SYSTEMPATH\Commands\Server\rewrite.php(47): require_once('FCPATH\\index.php')
ERROR - 2023-03-25 09:28:13 --> mysqli_sql_exception: Column 'id_jabatan' cannot be null in D:\WandaMaulidina\penggajian\system\Database\MySQLi\Connection.php:295
Stack trace:
#0 D:\WandaMaulidina\penggajian\system\Database\MySQLi\Connection.php(295): mysqli->query('INSERT INTO `pe...', 0)
#1 D:\WandaMaulidina\penggajian\system\Database\BaseConnection.php(691): CodeIgniter\Database\MySQLi\Connection->execute('INSERT INTO `pe...')
#2 D:\WandaMaulidina\penggajian\system\Database\BaseConnection.php(605): CodeIgniter\Database\BaseConnection->simpleQuery('INSERT INTO `pe...')
#3 D:\WandaMaulidina\penggajian\system\Database\BaseBuilder.php(2295): CodeIgniter\Database\BaseConnection->query('INSERT INTO `pe...', Array, false)
#4 D:\WandaMaulidina\penggajian\system\Model.php(329): CodeIgniter\Database\BaseBuilder->insert()
#5 D:\WandaMaulidina\penggajian\system\BaseModel.php(782): CodeIgniter\Model->doInsert(Array)
#6 D:\WandaMaulidina\penggajian\system\Model.php(729): CodeIgniter\BaseModel->insert(Array, false)
#7 D:\WandaMaulidina\penggajian\system\BaseModel.php(692): CodeIgniter\Model->insert(Array, false)
#8 D:\WandaMaulidina\penggajian\app\Controllers\Backend.php(421): CodeIgniter\BaseModel->save(Array)
#9 D:\WandaMaulidina\penggajian\system\CodeIgniter.php(934): App\Controllers\Backend->submit_pengguna()
#10 D:\WandaMaulidina\penggajian\system\CodeIgniter.php(499): CodeIgniter\CodeIgniter->runController(Object(App\Controllers\Backend))
#11 D:\WandaMaulidina\penggajian\system\CodeIgniter.php(368): CodeIgniter\CodeIgniter->handleRequest(NULL, Object(Config\Cache), false)
#12 D:\WandaMaulidina\penggajian\public\index.php(67): CodeIgniter\CodeIgniter->run()
#13 D:\WandaMaulidina\penggajian\system\Commands\Server\rewrite.php(47): require_once('D:\\WandaMaulidi...')
#14 {main}
CRITICAL - 2023-03-25 09:28:13 --> Column 'id_jabatan' cannot be null
in SYSTEMPATH\Database\BaseConnection.php on line 645.
 1 SYSTEMPATH\Database\BaseBuilder.php(2295): CodeIgniter\Database\BaseConnection->query('INSERT INTO `pengguna` (`id_jabatan`, `nama`, `email`, `password`) VALUES (:id_jabatan:, :nama:, :email:, :password:)', [...], false)
 2 SYSTEMPATH\Model.php(329): CodeIgniter\Database\BaseBuilder->insert()
 3 SYSTEMPATH\BaseModel.php(782): CodeIgniter\Model->doInsert([...])
 4 SYSTEMPATH\Model.php(729): CodeIgniter\BaseModel->insert([...], false)
 5 SYSTEMPATH\BaseModel.php(692): CodeIgniter\Model->insert([...], false)
 6 APPPATH\Controllers\Backend.php(421): CodeIgniter\BaseModel->save([...])
 7 SYSTEMPATH\CodeIgniter.php(934): App\Controllers\Backend->submit_pengguna()
 8 SYSTEMPATH\CodeIgniter.php(499): CodeIgniter\CodeIgniter->runController(Object(App\Controllers\Backend))
 9 SYSTEMPATH\CodeIgniter.php(368): CodeIgniter\CodeIgniter->handleRequest(null, Object(Config\Cache), false)
10 FCPATH\index.php(67): CodeIgniter\CodeIgniter->run()
11 SYSTEMPATH\Commands\Server\rewrite.php(47): require_once('FCPATH\\index.php')
ERROR - 2023-03-25 09:28:13 --> mysqli_sql_exception: Column 'id_jabatan' cannot be null in D:\WandaMaulidina\penggajian\system\Database\MySQLi\Connection.php:295
Stack trace:
#0 D:\WandaMaulidina\penggajian\system\Database\MySQLi\Connection.php(295): mysqli->query('INSERT INTO `pe...', 0)
#1 D:\WandaMaulidina\penggajian\system\Database\BaseConnection.php(691): CodeIgniter\Database\MySQLi\Connection->execute('INSERT INTO `pe...')
#2 D:\WandaMaulidina\penggajian\system\Database\BaseConnection.php(605): CodeIgniter\Database\BaseConnection->simpleQuery('INSERT INTO `pe...')
#3 D:\WandaMaulidina\penggajian\system\Database\BaseBuilder.php(2295): CodeIgniter\Database\BaseConnection->query('INSERT INTO `pe...', Array, false)
#4 D:\WandaMaulidina\penggajian\system\Model.php(329): CodeIgniter\Database\BaseBuilder->insert()
#5 D:\WandaMaulidina\penggajian\system\BaseModel.php(782): CodeIgniter\Model->doInsert(Array)
#6 D:\WandaMaulidina\penggajian\system\Model.php(729): CodeIgniter\BaseModel->insert(Array, false)
#7 D:\WandaMaulidina\penggajian\system\BaseModel.php(692): CodeIgniter\Model->insert(Array, false)
#8 D:\WandaMaulidina\penggajian\app\Controllers\Backend.php(421): CodeIgniter\BaseModel->save(Array)
#9 D:\WandaMaulidina\penggajian\system\CodeIgniter.php(934): App\Controllers\Backend->submit_pengguna()
#10 D:\WandaMaulidina\penggajian\system\CodeIgniter.php(499): CodeIgniter\CodeIgniter->runController(Object(App\Controllers\Backend))
#11 D:\WandaMaulidina\penggajian\system\CodeIgniter.php(368): CodeIgniter\CodeIgniter->handleRequest(NULL, Object(Config\Cache), false)
#12 D:\WandaMaulidina\penggajian\public\index.php(67): CodeIgniter\CodeIgniter->run()
#13 D:\WandaMaulidina\penggajian\system\Commands\Server\rewrite.php(47): require_once('D:\\WandaMaulidi...')
#14 {main}
CRITICAL - 2023-03-25 09:28:13 --> Column 'id_jabatan' cannot be null
in SYSTEMPATH\Database\BaseConnection.php on line 645.
 1 SYSTEMPATH\Database\BaseBuilder.php(2295): CodeIgniter\Database\BaseConnection->query('INSERT INTO `pengguna` (`id_jabatan`, `nama`, `email`, `password`) VALUES (:id_jabatan:, :nama:, :email:, :password:)', [...], false)
 2 SYSTEMPATH\Model.php(329): CodeIgniter\Database\BaseBuilder->insert()
 3 SYSTEMPATH\BaseModel.php(782): CodeIgniter\Model->doInsert([...])
 4 SYSTEMPATH\Model.php(729): CodeIgniter\BaseModel->insert([...], false)
 5 SYSTEMPATH\BaseModel.php(692): CodeIgniter\Model->insert([...], false)
 6 APPPATH\Controllers\Backend.php(421): CodeIgniter\BaseModel->save([...])
 7 SYSTEMPATH\CodeIgniter.php(934): App\Controllers\Backend->submit_pengguna()
 8 SYSTEMPATH\CodeIgniter.php(499): CodeIgniter\CodeIgniter->runController(Object(App\Controllers\Backend))
 9 SYSTEMPATH\CodeIgniter.php(368): CodeIgniter\CodeIgniter->handleRequest(null, Object(Config\Cache), false)
10 FCPATH\index.php(67): CodeIgniter\CodeIgniter->run()
11 SYSTEMPATH\Commands\Server\rewrite.php(47): require_once('FCPATH\\index.php')
ERROR - 2023-03-25 09:28:14 --> mysqli_sql_exception: Column 'id_jabatan' cannot be null in D:\WandaMaulidina\penggajian\system\Database\MySQLi\Connection.php:295
Stack trace:
#0 D:\WandaMaulidina\penggajian\system\Database\MySQLi\Connection.php(295): mysqli->query('INSERT INTO `pe...', 0)
#1 D:\WandaMaulidina\penggajian\system\Database\BaseConnection.php(691): CodeIgniter\Database\MySQLi\Connection->execute('INSERT INTO `pe...')
#2 D:\WandaMaulidina\penggajian\system\Database\BaseConnection.php(605): CodeIgniter\Database\BaseConnection->simpleQuery('INSERT INTO `pe...')
#3 D:\WandaMaulidina\penggajian\system\Database\BaseBuilder.php(2295): CodeIgniter\Database\BaseConnection->query('INSERT INTO `pe...', Array, false)
#4 D:\WandaMaulidina\penggajian\system\Model.php(329): CodeIgniter\Database\BaseBuilder->insert()
#5 D:\WandaMaulidina\penggajian\system\BaseModel.php(782): CodeIgniter\Model->doInsert(Array)
#6 D:\WandaMaulidina\penggajian\system\Model.php(729): CodeIgniter\BaseModel->insert(Array, false)
#7 D:\WandaMaulidina\penggajian\system\BaseModel.php(692): CodeIgniter\Model->insert(Array, false)
#8 D:\WandaMaulidina\penggajian\app\Controllers\Backend.php(421): CodeIgniter\BaseModel->save(Array)
#9 D:\WandaMaulidina\penggajian\system\CodeIgniter.php(934): App\Controllers\Backend->submit_pengguna()
#10 D:\WandaMaulidina\penggajian\system\CodeIgniter.php(499): CodeIgniter\CodeIgniter->runController(Object(App\Controllers\Backend))
#11 D:\WandaMaulidina\penggajian\system\CodeIgniter.php(368): CodeIgniter\CodeIgniter->handleRequest(NULL, Object(Config\Cache), false)
#12 D:\WandaMaulidina\penggajian\public\index.php(67): CodeIgniter\CodeIgniter->run()
#13 D:\WandaMaulidina\penggajian\system\Commands\Server\rewrite.php(47): require_once('D:\\WandaMaulidi...')
#14 {main}
CRITICAL - 2023-03-25 09:28:14 --> Column 'id_jabatan' cannot be null
in SYSTEMPATH\Database\BaseConnection.php on line 645.
 1 SYSTEMPATH\Database\BaseBuilder.php(2295): CodeIgniter\Database\BaseConnection->query('INSERT INTO `pengguna` (`id_jabatan`, `nama`, `email`, `password`) VALUES (:id_jabatan:, :nama:, :email:, :password:)', [...], false)
 2 SYSTEMPATH\Model.php(329): CodeIgniter\Database\BaseBuilder->insert()
 3 SYSTEMPATH\BaseModel.php(782): CodeIgniter\Model->doInsert([...])
 4 SYSTEMPATH\Model.php(729): CodeIgniter\BaseModel->insert([...], false)
 5 SYSTEMPATH\BaseModel.php(692): CodeIgniter\Model->insert([...], false)
 6 APPPATH\Controllers\Backend.php(421): CodeIgniter\BaseModel->save([...])
 7 SYSTEMPATH\CodeIgniter.php(934): App\Controllers\Backend->submit_pengguna()
 8 SYSTEMPATH\CodeIgniter.php(499): CodeIgniter\CodeIgniter->runController(Object(App\Controllers\Backend))
 9 SYSTEMPATH\CodeIgniter.php(368): CodeIgniter\CodeIgniter->handleRequest(null, Object(Config\Cache), false)
10 FCPATH\index.php(67): CodeIgniter\CodeIgniter->run()
11 SYSTEMPATH\Commands\Server\rewrite.php(47): require_once('FCPATH\\index.php')
ERROR - 2023-03-25 09:28:15 --> mysqli_sql_exception: Column 'id_jabatan' cannot be null in D:\WandaMaulidina\penggajian\system\Database\MySQLi\Connection.php:295
Stack trace:
#0 D:\WandaMaulidina\penggajian\system\Database\MySQLi\Connection.php(295): mysqli->query('INSERT INTO `pe...', 0)
#1 D:\WandaMaulidina\penggajian\system\Database\BaseConnection.php(691): CodeIgniter\Database\MySQLi\Connection->execute('INSERT INTO `pe...')
#2 D:\WandaMaulidina\penggajian\system\Database\BaseConnection.php(605): CodeIgniter\Database\BaseConnection->simpleQuery('INSERT INTO `pe...')
#3 D:\WandaMaulidina\penggajian\system\Database\BaseBuilder.php(2295): CodeIgniter\Database\BaseConnection->query('INSERT INTO `pe...', Array, false)
#4 D:\WandaMaulidina\penggajian\system\Model.php(329): CodeIgniter\Database\BaseBuilder->insert()
#5 D:\WandaMaulidina\penggajian\system\BaseModel.php(782): CodeIgniter\Model->doInsert(Array)
#6 D:\WandaMaulidina\penggajian\system\Model.php(729): CodeIgniter\BaseModel->insert(Array, false)
#7 D:\WandaMaulidina\penggajian\system\BaseModel.php(692): CodeIgniter\Model->insert(Array, false)
#8 D:\WandaMaulidina\penggajian\app\Controllers\Backend.php(421): CodeIgniter\BaseModel->save(Array)
#9 D:\WandaMaulidina\penggajian\system\CodeIgniter.php(934): App\Controllers\Backend->submit_pengguna()
#10 D:\WandaMaulidina\penggajian\system\CodeIgniter.php(499): CodeIgniter\CodeIgniter->runController(Object(App\Controllers\Backend))
#11 D:\WandaMaulidina\penggajian\system\CodeIgniter.php(368): CodeIgniter\CodeIgniter->handleRequest(NULL, Object(Config\Cache), false)
#12 D:\WandaMaulidina\penggajian\public\index.php(67): CodeIgniter\CodeIgniter->run()
#13 D:\WandaMaulidina\penggajian\system\Commands\Server\rewrite.php(47): require_once('D:\\WandaMaulidi...')
#14 {main}
CRITICAL - 2023-03-25 09:28:15 --> Column 'id_jabatan' cannot be null
in SYSTEMPATH\Database\BaseConnection.php on line 645.
 1 SYSTEMPATH\Database\BaseBuilder.php(2295): CodeIgniter\Database\BaseConnection->query('INSERT INTO `pengguna` (`id_jabatan`, `nama`, `email`, `password`) VALUES (:id_jabatan:, :nama:, :email:, :password:)', [...], false)
 2 SYSTEMPATH\Model.php(329): CodeIgniter\Database\BaseBuilder->insert()
 3 SYSTEMPATH\BaseModel.php(782): CodeIgniter\Model->doInsert([...])
 4 SYSTEMPATH\Model.php(729): CodeIgniter\BaseModel->insert([...], false)
 5 SYSTEMPATH\BaseModel.php(692): CodeIgniter\Model->insert([...], false)
 6 APPPATH\Controllers\Backend.php(421): CodeIgniter\BaseModel->save([...])
 7 SYSTEMPATH\CodeIgniter.php(934): App\Controllers\Backend->submit_pengguna()
 8 SYSTEMPATH\CodeIgniter.php(499): CodeIgniter\CodeIgniter->runController(Object(App\Controllers\Backend))
 9 SYSTEMPATH\CodeIgniter.php(368): CodeIgniter\CodeIgniter->handleRequest(null, Object(Config\Cache), false)
10 FCPATH\index.php(67): CodeIgniter\CodeIgniter->run()
11 SYSTEMPATH\Commands\Server\rewrite.php(47): require_once('FCPATH\\index.php')
ERROR - 2023-03-25 09:28:15 --> mysqli_sql_exception: Column 'id_jabatan' cannot be null in D:\WandaMaulidina\penggajian\system\Database\MySQLi\Connection.php:295
Stack trace:
#0 D:\WandaMaulidina\penggajian\system\Database\MySQLi\Connection.php(295): mysqli->query('INSERT INTO `pe...', 0)
#1 D:\WandaMaulidina\penggajian\system\Database\BaseConnection.php(691): CodeIgniter\Database\MySQLi\Connection->execute('INSERT INTO `pe...')
#2 D:\WandaMaulidina\penggajian\system\Database\BaseConnection.php(605): CodeIgniter\Database\BaseConnection->simpleQuery('INSERT INTO `pe...')
#3 D:\WandaMaulidina\penggajian\system\Database\BaseBuilder.php(2295): CodeIgniter\Database\BaseConnection->query('INSERT INTO `pe...', Array, false)
#4 D:\WandaMaulidina\penggajian\system\Model.php(329): CodeIgniter\Database\BaseBuilder->insert()
#5 D:\WandaMaulidina\penggajian\system\BaseModel.php(782): CodeIgniter\Model->doInsert(Array)
#6 D:\WandaMaulidina\penggajian\system\Model.php(729): CodeIgniter\BaseModel->insert(Array, false)
#7 D:\WandaMaulidina\penggajian\system\BaseModel.php(692): CodeIgniter\Model->insert(Array, false)
#8 D:\WandaMaulidina\penggajian\app\Controllers\Backend.php(421): CodeIgniter\BaseModel->save(Array)
#9 D:\WandaMaulidina\penggajian\system\CodeIgniter.php(934): App\Controllers\Backend->submit_pengguna()
#10 D:\WandaMaulidina\penggajian\system\CodeIgniter.php(499): CodeIgniter\CodeIgniter->runController(Object(App\Controllers\Backend))
#11 D:\WandaMaulidina\penggajian\system\CodeIgniter.php(368): CodeIgniter\CodeIgniter->handleRequest(NULL, Object(Config\Cache), false)
#12 D:\WandaMaulidina\penggajian\public\index.php(67): CodeIgniter\CodeIgniter->run()
#13 D:\WandaMaulidina\penggajian\system\Commands\Server\rewrite.php(47): require_once('D:\\WandaMaulidi...')
#14 {main}
CRITICAL - 2023-03-25 09:28:15 --> Column 'id_jabatan' cannot be null
in SYSTEMPATH\Database\BaseConnection.php on line 645.
 1 SYSTEMPATH\Database\BaseBuilder.php(2295): CodeIgniter\Database\BaseConnection->query('INSERT INTO `pengguna` (`id_jabatan`, `nama`, `email`, `password`) VALUES (:id_jabatan:, :nama:, :email:, :password:)', [...], false)
 2 SYSTEMPATH\Model.php(329): CodeIgniter\Database\BaseBuilder->insert()
 3 SYSTEMPATH\BaseModel.php(782): CodeIgniter\Model->doInsert([...])
 4 SYSTEMPATH\Model.php(729): CodeIgniter\BaseModel->insert([...], false)
 5 SYSTEMPATH\BaseModel.php(692): CodeIgniter\Model->insert([...], false)
 6 APPPATH\Controllers\Backend.php(421): CodeIgniter\BaseModel->save([...])
 7 SYSTEMPATH\CodeIgniter.php(934): App\Controllers\Backend->submit_pengguna()
 8 SYSTEMPATH\CodeIgniter.php(499): CodeIgniter\CodeIgniter->runController(Object(App\Controllers\Backend))
 9 SYSTEMPATH\CodeIgniter.php(368): CodeIgniter\CodeIgniter->handleRequest(null, Object(Config\Cache), false)
10 FCPATH\index.php(67): CodeIgniter\CodeIgniter->run()
11 SYSTEMPATH\Commands\Server\rewrite.php(47): require_once('FCPATH\\index.php')
ERROR - 2023-03-25 09:28:16 --> mysqli_sql_exception: Column 'id_jabatan' cannot be null in D:\WandaMaulidina\penggajian\system\Database\MySQLi\Connection.php:295
Stack trace:
#0 D:\WandaMaulidina\penggajian\system\Database\MySQLi\Connection.php(295): mysqli->query('INSERT INTO `pe...', 0)
#1 D:\WandaMaulidina\penggajian\system\Database\BaseConnection.php(691): CodeIgniter\Database\MySQLi\Connection->execute('INSERT INTO `pe...')
#2 D:\WandaMaulidina\penggajian\system\Database\BaseConnection.php(605): CodeIgniter\Database\BaseConnection->simpleQuery('INSERT INTO `pe...')
#3 D:\WandaMaulidina\penggajian\system\Database\BaseBuilder.php(2295): CodeIgniter\Database\BaseConnection->query('INSERT INTO `pe...', Array, false)
#4 D:\WandaMaulidina\penggajian\system\Model.php(329): CodeIgniter\Database\BaseBuilder->insert()
#5 D:\WandaMaulidina\penggajian\system\BaseModel.php(782): CodeIgniter\Model->doInsert(Array)
#6 D:\WandaMaulidina\penggajian\system\Model.php(729): CodeIgniter\BaseModel->insert(Array, false)
#7 D:\WandaMaulidina\penggajian\system\BaseModel.php(692): CodeIgniter\Model->insert(Array, false)
#8 D:\WandaMaulidina\penggajian\app\Controllers\Backend.php(421): CodeIgniter\BaseModel->save(Array)
#9 D:\WandaMaulidina\penggajian\system\CodeIgniter.php(934): App\Controllers\Backend->submit_pengguna()
#10 D:\WandaMaulidina\penggajian\system\CodeIgniter.php(499): CodeIgniter\CodeIgniter->runController(Object(App\Controllers\Backend))
#11 D:\WandaMaulidina\penggajian\system\CodeIgniter.php(368): CodeIgniter\CodeIgniter->handleRequest(NULL, Object(Config\Cache), false)
#12 D:\WandaMaulidina\penggajian\public\index.php(67): CodeIgniter\CodeIgniter->run()
#13 D:\WandaMaulidina\penggajian\system\Commands\Server\rewrite.php(47): require_once('D:\\WandaMaulidi...')
#14 {main}
CRITICAL - 2023-03-25 09:28:16 --> Column 'id_jabatan' cannot be null
in SYSTEMPATH\Database\BaseConnection.php on line 645.
 1 SYSTEMPATH\Database\BaseBuilder.php(2295): CodeIgniter\Database\BaseConnection->query('INSERT INTO `pengguna` (`id_jabatan`, `nama`, `email`, `password`) VALUES (:id_jabatan:, :nama:, :email:, :password:)', [...], false)
 2 SYSTEMPATH\Model.php(329): CodeIgniter\Database\BaseBuilder->insert()
 3 SYSTEMPATH\BaseModel.php(782): CodeIgniter\Model->doInsert([...])
 4 SYSTEMPATH\Model.php(729): CodeIgniter\BaseModel->insert([...], false)
 5 SYSTEMPATH\BaseModel.php(692): CodeIgniter\Model->insert([...], false)
 6 APPPATH\Controllers\Backend.php(421): CodeIgniter\BaseModel->save([...])
 7 SYSTEMPATH\CodeIgniter.php(934): App\Controllers\Backend->submit_pengguna()
 8 SYSTEMPATH\CodeIgniter.php(499): CodeIgniter\CodeIgniter->runController(Object(App\Controllers\Backend))
 9 SYSTEMPATH\CodeIgniter.php(368): CodeIgniter\CodeIgniter->handleRequest(null, Object(Config\Cache), false)
10 FCPATH\index.php(67): CodeIgniter\CodeIgniter->run()
11 SYSTEMPATH\Commands\Server\rewrite.php(47): require_once('FCPATH\\index.php')
ERROR - 2023-03-25 09:28:16 --> mysqli_sql_exception: Column 'id_jabatan' cannot be null in D:\WandaMaulidina\penggajian\system\Database\MySQLi\Connection.php:295
Stack trace:
#0 D:\WandaMaulidina\penggajian\system\Database\MySQLi\Connection.php(295): mysqli->query('INSERT INTO `pe...', 0)
#1 D:\WandaMaulidina\penggajian\system\Database\BaseConnection.php(691): CodeIgniter\Database\MySQLi\Connection->execute('INSERT INTO `pe...')
#2 D:\WandaMaulidina\penggajian\system\Database\BaseConnection.php(605): CodeIgniter\Database\BaseConnection->simpleQuery('INSERT INTO `pe...')
#3 D:\WandaMaulidina\penggajian\system\Database\BaseBuilder.php(2295): CodeIgniter\Database\BaseConnection->query('INSERT INTO `pe...', Array, false)
#4 D:\WandaMaulidina\penggajian\system\Model.php(329): CodeIgniter\Database\BaseBuilder->insert()
#5 D:\WandaMaulidina\penggajian\system\BaseModel.php(782): CodeIgniter\Model->doInsert(Array)
#6 D:\WandaMaulidina\penggajian\system\Model.php(729): CodeIgniter\BaseModel->insert(Array, false)
#7 D:\WandaMaulidina\penggajian\system\BaseModel.php(692): CodeIgniter\Model->insert(Array, false)
#8 D:\WandaMaulidina\penggajian\app\Controllers\Backend.php(421): CodeIgniter\BaseModel->save(Array)
#9 D:\WandaMaulidina\penggajian\system\CodeIgniter.php(934): App\Controllers\Backend->submit_pengguna()
#10 D:\WandaMaulidina\penggajian\system\CodeIgniter.php(499): CodeIgniter\CodeIgniter->runController(Object(App\Controllers\Backend))
#11 D:\WandaMaulidina\penggajian\system\CodeIgniter.php(368): CodeIgniter\CodeIgniter->handleRequest(NULL, Object(Config\Cache), false)
#12 D:\WandaMaulidina\penggajian\public\index.php(67): CodeIgniter\CodeIgniter->run()
#13 D:\WandaMaulidina\penggajian\system\Commands\Server\rewrite.php(47): require_once('D:\\WandaMaulidi...')
#14 {main}
CRITICAL - 2023-03-25 09:28:16 --> Column 'id_jabatan' cannot be null
in SYSTEMPATH\Database\BaseConnection.php on line 645.
 1 SYSTEMPATH\Database\BaseBuilder.php(2295): CodeIgniter\Database\BaseConnection->query('INSERT INTO `pengguna` (`id_jabatan`, `nama`, `email`, `password`) VALUES (:id_jabatan:, :nama:, :email:, :password:)', [...], false)
 2 SYSTEMPATH\Model.php(329): CodeIgniter\Database\BaseBuilder->insert()
 3 SYSTEMPATH\BaseModel.php(782): CodeIgniter\Model->doInsert([...])
 4 SYSTEMPATH\Model.php(729): CodeIgniter\BaseModel->insert([...], false)
 5 SYSTEMPATH\BaseModel.php(692): CodeIgniter\Model->insert([...], false)
 6 APPPATH\Controllers\Backend.php(421): CodeIgniter\BaseModel->save([...])
 7 SYSTEMPATH\CodeIgniter.php(934): App\Controllers\Backend->submit_pengguna()
 8 SYSTEMPATH\CodeIgniter.php(499): CodeIgniter\CodeIgniter->runController(Object(App\Controllers\Backend))
 9 SYSTEMPATH\CodeIgniter.php(368): CodeIgniter\CodeIgniter->handleRequest(null, Object(Config\Cache), false)
10 FCPATH\index.php(67): CodeIgniter\CodeIgniter->run()
11 SYSTEMPATH\Commands\Server\rewrite.php(47): require_once('FCPATH\\index.php')
ERROR - 2023-03-25 09:28:16 --> mysqli_sql_exception: Column 'id_jabatan' cannot be null in D:\WandaMaulidina\penggajian\system\Database\MySQLi\Connection.php:295
Stack trace:
#0 D:\WandaMaulidina\penggajian\system\Database\MySQLi\Connection.php(295): mysqli->query('INSERT INTO `pe...', 0)
#1 D:\WandaMaulidina\penggajian\system\Database\BaseConnection.php(691): CodeIgniter\Database\MySQLi\Connection->execute('INSERT INTO `pe...')
#2 D:\WandaMaulidina\penggajian\system\Database\BaseConnection.php(605): CodeIgniter\Database\BaseConnection->simpleQuery('INSERT INTO `pe...')
#3 D:\WandaMaulidina\penggajian\system\Database\BaseBuilder.php(2295): CodeIgniter\Database\BaseConnection->query('INSERT INTO `pe...', Array, false)
#4 D:\WandaMaulidina\penggajian\system\Model.php(329): CodeIgniter\Database\BaseBuilder->insert()
#5 D:\WandaMaulidina\penggajian\system\BaseModel.php(782): CodeIgniter\Model->doInsert(Array)
#6 D:\WandaMaulidina\penggajian\system\Model.php(729): CodeIgniter\BaseModel->insert(Array, false)
#7 D:\WandaMaulidina\penggajian\system\BaseModel.php(692): CodeIgniter\Model->insert(Array, false)
#8 D:\WandaMaulidina\penggajian\app\Controllers\Backend.php(421): CodeIgniter\BaseModel->save(Array)
#9 D:\WandaMaulidina\penggajian\system\CodeIgniter.php(934): App\Controllers\Backend->submit_pengguna()
#10 D:\WandaMaulidina\penggajian\system\CodeIgniter.php(499): CodeIgniter\CodeIgniter->runController(Object(App\Controllers\Backend))
#11 D:\WandaMaulidina\penggajian\system\CodeIgniter.php(368): CodeIgniter\CodeIgniter->handleRequest(NULL, Object(Config\Cache), false)
#12 D:\WandaMaulidina\penggajian\public\index.php(67): CodeIgniter\CodeIgniter->run()
#13 D:\WandaMaulidina\penggajian\system\Commands\Server\rewrite.php(47): require_once('D:\\WandaMaulidi...')
#14 {main}
CRITICAL - 2023-03-25 09:28:16 --> Column 'id_jabatan' cannot be null
in SYSTEMPATH\Database\BaseConnection.php on line 645.
 1 SYSTEMPATH\Database\BaseBuilder.php(2295): CodeIgniter\Database\BaseConnection->query('INSERT INTO `pengguna` (`id_jabatan`, `nama`, `email`, `password`) VALUES (:id_jabatan:, :nama:, :email:, :password:)', [...], false)
 2 SYSTEMPATH\Model.php(329): CodeIgniter\Database\BaseBuilder->insert()
 3 SYSTEMPATH\BaseModel.php(782): CodeIgniter\Model->doInsert([...])
 4 SYSTEMPATH\Model.php(729): CodeIgniter\BaseModel->insert([...], false)
 5 SYSTEMPATH\BaseModel.php(692): CodeIgniter\Model->insert([...], false)
 6 APPPATH\Controllers\Backend.php(421): CodeIgniter\BaseModel->save([...])
 7 SYSTEMPATH\CodeIgniter.php(934): App\Controllers\Backend->submit_pengguna()
 8 SYSTEMPATH\CodeIgniter.php(499): CodeIgniter\CodeIgniter->runController(Object(App\Controllers\Backend))
 9 SYSTEMPATH\CodeIgniter.php(368): CodeIgniter\CodeIgniter->handleRequest(null, Object(Config\Cache), false)
10 FCPATH\index.php(67): CodeIgniter\CodeIgniter->run()
11 SYSTEMPATH\Commands\Server\rewrite.php(47): require_once('FCPATH\\index.php')
ERROR - 2023-03-25 09:28:19 --> mysqli_sql_exception: Column 'id_jabatan' cannot be null in D:\WandaMaulidina\penggajian\system\Database\MySQLi\Connection.php:295
Stack trace:
#0 D:\WandaMaulidina\penggajian\system\Database\MySQLi\Connection.php(295): mysqli->query('INSERT INTO `pe...', 0)
#1 D:\WandaMaulidina\penggajian\system\Database\BaseConnection.php(691): CodeIgniter\Database\MySQLi\Connection->execute('INSERT INTO `pe...')
#2 D:\WandaMaulidina\penggajian\system\Database\BaseConnection.php(605): CodeIgniter\Database\BaseConnection->simpleQuery('INSERT INTO `pe...')
#3 D:\WandaMaulidina\penggajian\system\Database\BaseBuilder.php(2295): CodeIgniter\Database\BaseConnection->query('INSERT INTO `pe...', Array, false)
#4 D:\WandaMaulidina\penggajian\system\Model.php(329): CodeIgniter\Database\BaseBuilder->insert()
#5 D:\WandaMaulidina\penggajian\system\BaseModel.php(782): CodeIgniter\Model->doInsert(Array)
#6 D:\WandaMaulidina\penggajian\system\Model.php(729): CodeIgniter\BaseModel->insert(Array, false)
#7 D:\WandaMaulidina\penggajian\system\BaseModel.php(692): CodeIgniter\Model->insert(Array, false)
#8 D:\WandaMaulidina\penggajian\app\Controllers\Backend.php(421): CodeIgniter\BaseModel->save(Array)
#9 D:\WandaMaulidina\penggajian\system\CodeIgniter.php(934): App\Controllers\Backend->submit_pengguna()
#10 D:\WandaMaulidina\penggajian\system\CodeIgniter.php(499): CodeIgniter\CodeIgniter->runController(Object(App\Controllers\Backend))
#11 D:\WandaMaulidina\penggajian\system\CodeIgniter.php(368): CodeIgniter\CodeIgniter->handleRequest(NULL, Object(Config\Cache), false)
#12 D:\WandaMaulidina\penggajian\public\index.php(67): CodeIgniter\CodeIgniter->run()
#13 D:\WandaMaulidina\penggajian\system\Commands\Server\rewrite.php(47): require_once('D:\\WandaMaulidi...')
#14 {main}
CRITICAL - 2023-03-25 09:28:19 --> Column 'id_jabatan' cannot be null
in SYSTEMPATH\Database\BaseConnection.php on line 645.
 1 SYSTEMPATH\Database\BaseBuilder.php(2295): CodeIgniter\Database\BaseConnection->query('INSERT INTO `pengguna` (`id_jabatan`, `nama`, `email`, `password`) VALUES (:id_jabatan:, :nama:, :email:, :password:)', [...], false)
 2 SYSTEMPATH\Model.php(329): CodeIgniter\Database\BaseBuilder->insert()
 3 SYSTEMPATH\BaseModel.php(782): CodeIgniter\Model->doInsert([...])
 4 SYSTEMPATH\Model.php(729): CodeIgniter\BaseModel->insert([...], false)
 5 SYSTEMPATH\BaseModel.php(692): CodeIgniter\Model->insert([...], false)
 6 APPPATH\Controllers\Backend.php(421): CodeIgniter\BaseModel->save([...])
 7 SYSTEMPATH\CodeIgniter.php(934): App\Controllers\Backend->submit_pengguna()
 8 SYSTEMPATH\CodeIgniter.php(499): CodeIgniter\CodeIgniter->runController(Object(App\Controllers\Backend))
 9 SYSTEMPATH\CodeIgniter.php(368): CodeIgniter\CodeIgniter->handleRequest(null, Object(Config\Cache), false)
10 FCPATH\index.php(67): CodeIgniter\CodeIgniter->run()
11 SYSTEMPATH\Commands\Server\rewrite.php(47): require_once('FCPATH\\index.php')
ERROR - 2023-03-25 09:28:21 --> mysqli_sql_exception: Column 'id_jabatan' cannot be null in D:\WandaMaulidina\penggajian\system\Database\MySQLi\Connection.php:295
Stack trace:
#0 D:\WandaMaulidina\penggajian\system\Database\MySQLi\Connection.php(295): mysqli->query('INSERT INTO `pe...', 0)
#1 D:\WandaMaulidina\penggajian\system\Database\BaseConnection.php(691): CodeIgniter\Database\MySQLi\Connection->execute('INSERT INTO `pe...')
#2 D:\WandaMaulidina\penggajian\system\Database\BaseConnection.php(605): CodeIgniter\Database\BaseConnection->simpleQuery('INSERT INTO `pe...')
#3 D:\WandaMaulidina\penggajian\system\Database\BaseBuilder.php(2295): CodeIgniter\Database\BaseConnection->query('INSERT INTO `pe...', Array, false)
#4 D:\WandaMaulidina\penggajian\system\Model.php(329): CodeIgniter\Database\BaseBuilder->insert()
#5 D:\WandaMaulidina\penggajian\system\BaseModel.php(782): CodeIgniter\Model->doInsert(Array)
#6 D:\WandaMaulidina\penggajian\system\Model.php(729): CodeIgniter\BaseModel->insert(Array, false)
#7 D:\WandaMaulidina\penggajian\system\BaseModel.php(692): CodeIgniter\Model->insert(Array, false)
#8 D:\WandaMaulidina\penggajian\app\Controllers\Backend.php(421): CodeIgniter\BaseModel->save(Array)
#9 D:\WandaMaulidina\penggajian\system\CodeIgniter.php(934): App\Controllers\Backend->submit_pengguna()
#10 D:\WandaMaulidina\penggajian\system\CodeIgniter.php(499): CodeIgniter\CodeIgniter->runController(Object(App\Controllers\Backend))
#11 D:\WandaMaulidina\penggajian\system\CodeIgniter.php(368): CodeIgniter\CodeIgniter->handleRequest(NULL, Object(Config\Cache), false)
#12 D:\WandaMaulidina\penggajian\public\index.php(67): CodeIgniter\CodeIgniter->run()
#13 D:\WandaMaulidina\penggajian\system\Commands\Server\rewrite.php(47): require_once('D:\\WandaMaulidi...')
#14 {main}
CRITICAL - 2023-03-25 09:28:21 --> Column 'id_jabatan' cannot be null
in SYSTEMPATH\Database\BaseConnection.php on line 645.
 1 SYSTEMPATH\Database\BaseBuilder.php(2295): CodeIgniter\Database\BaseConnection->query('INSERT INTO `pengguna` (`id_jabatan`, `nama`, `email`, `password`) VALUES (:id_jabatan:, :nama:, :email:, :password:)', [...], false)
 2 SYSTEMPATH\Model.php(329): CodeIgniter\Database\BaseBuilder->insert()
 3 SYSTEMPATH\BaseModel.php(782): CodeIgniter\Model->doInsert([...])
 4 SYSTEMPATH\Model.php(729): CodeIgniter\BaseModel->insert([...], false)
 5 SYSTEMPATH\BaseModel.php(692): CodeIgniter\Model->insert([...], false)
 6 APPPATH\Controllers\Backend.php(421): CodeIgniter\BaseModel->save([...])
 7 SYSTEMPATH\CodeIgniter.php(934): App\Controllers\Backend->submit_pengguna()
 8 SYSTEMPATH\CodeIgniter.php(499): CodeIgniter\CodeIgniter->runController(Object(App\Controllers\Backend))
 9 SYSTEMPATH\CodeIgniter.php(368): CodeIgniter\CodeIgniter->handleRequest(null, Object(Config\Cache), false)
10 FCPATH\index.php(67): CodeIgniter\CodeIgniter->run()
11 SYSTEMPATH\Commands\Server\rewrite.php(47): require_once('FCPATH\\index.php')
ERROR - 2023-03-25 09:28:23 --> mysqli_sql_exception: Column 'id_jabatan' cannot be null in D:\WandaMaulidina\penggajian\system\Database\MySQLi\Connection.php:295
Stack trace:
#0 D:\WandaMaulidina\penggajian\system\Database\MySQLi\Connection.php(295): mysqli->query('INSERT INTO `pe...', 0)
#1 D:\WandaMaulidina\penggajian\system\Database\BaseConnection.php(691): CodeIgniter\Database\MySQLi\Connection->execute('INSERT INTO `pe...')
#2 D:\WandaMaulidina\penggajian\system\Database\BaseConnection.php(605): CodeIgniter\Database\BaseConnection->simpleQuery('INSERT INTO `pe...')
#3 D:\WandaMaulidina\penggajian\system\Database\BaseBuilder.php(2295): CodeIgniter\Database\BaseConnection->query('INSERT INTO `pe...', Array, false)
#4 D:\WandaMaulidina\penggajian\system\Model.php(329): CodeIgniter\Database\BaseBuilder->insert()
#5 D:\WandaMaulidina\penggajian\system\BaseModel.php(782): CodeIgniter\Model->doInsert(Array)
#6 D:\WandaMaulidina\penggajian\system\Model.php(729): CodeIgniter\BaseModel->insert(Array, false)
#7 D:\WandaMaulidina\penggajian\system\BaseModel.php(692): CodeIgniter\Model->insert(Array, false)
#8 D:\WandaMaulidina\penggajian\app\Controllers\Backend.php(421): CodeIgniter\BaseModel->save(Array)
#9 D:\WandaMaulidina\penggajian\system\CodeIgniter.php(934): App\Controllers\Backend->submit_pengguna()
#10 D:\WandaMaulidina\penggajian\system\CodeIgniter.php(499): CodeIgniter\CodeIgniter->runController(Object(App\Controllers\Backend))
#11 D:\WandaMaulidina\penggajian\system\CodeIgniter.php(368): CodeIgniter\CodeIgniter->handleRequest(NULL, Object(Config\Cache), false)
#12 D:\WandaMaulidina\penggajian\public\index.php(67): CodeIgniter\CodeIgniter->run()
#13 D:\WandaMaulidina\penggajian\system\Commands\Server\rewrite.php(47): require_once('D:\\WandaMaulidi...')
#14 {main}
CRITICAL - 2023-03-25 09:28:23 --> Column 'id_jabatan' cannot be null
in SYSTEMPATH\Database\BaseConnection.php on line 645.
 1 SYSTEMPATH\Database\BaseBuilder.php(2295): CodeIgniter\Database\BaseConnection->query('INSERT INTO `pengguna` (`id_jabatan`, `nama`, `email`, `password`) VALUES (:id_jabatan:, :nama:, :email:, :password:)', [...], false)
 2 SYSTEMPATH\Model.php(329): CodeIgniter\Database\BaseBuilder->insert()
 3 SYSTEMPATH\BaseModel.php(782): CodeIgniter\Model->doInsert([...])
 4 SYSTEMPATH\Model.php(729): CodeIgniter\BaseModel->insert([...], false)
 5 SYSTEMPATH\BaseModel.php(692): CodeIgniter\Model->insert([...], false)
 6 APPPATH\Controllers\Backend.php(421): CodeIgniter\BaseModel->save([...])
 7 SYSTEMPATH\CodeIgniter.php(934): App\Controllers\Backend->submit_pengguna()
 8 SYSTEMPATH\CodeIgniter.php(499): CodeIgniter\CodeIgniter->runController(Object(App\Controllers\Backend))
 9 SYSTEMPATH\CodeIgniter.php(368): CodeIgniter\CodeIgniter->handleRequest(null, Object(Config\Cache), false)
10 FCPATH\index.php(67): CodeIgniter\CodeIgniter->run()
11 SYSTEMPATH\Commands\Server\rewrite.php(47): require_once('FCPATH\\index.php')
CRITICAL - 2023-03-25 09:37:04 --> syntax error, unexpected end of file, expecting function (T_FUNCTION) or const (T_CONST)
in APPPATH\Controllers\Backend.php on line 760.
 1 SYSTEMPATH\Autoloader\Autoloader.php(289): CodeIgniter\Autoloader\Autoloader->includeFile('APPPATH\\Controllers\\Backend.php')
 2 SYSTEMPATH\Autoloader\Autoloader.php(267): CodeIgniter\Autoloader\Autoloader->loadInNamespace('App\\Controllers\\Backend')
 3 [internal function]: CodeIgniter\Autoloader\Autoloader->loadClass('App\\Controllers\\Backend')
 4 [internal function]: spl_autoload_call('App\\Controllers\\Backend')
 5 SYSTEMPATH\CodeIgniter.php(892): class_exists('\\App\\Controllers\\Backend', true)
 6 SYSTEMPATH\CodeIgniter.php(486): CodeIgniter\CodeIgniter->startController()
 7 SYSTEMPATH\CodeIgniter.php(368): CodeIgniter\CodeIgniter->handleRequest(null, Object(Config\Cache), false)
 8 FCPATH\index.php(67): CodeIgniter\CodeIgniter->run()
 9 SYSTEMPATH\Commands\Server\rewrite.php(47): require_once('FCPATH\\index.php')
