INFO - 2023-04-24 13:20:20 --> Session: Class initialized using 'CodeIgniter\Session\Handlers\FileHandler' driver.
INFO - 2023-04-24 13:20:32 --> Session: Class initialized using 'CodeIgniter\Session\Handlers\FileHandler' driver.
INFO - 2023-04-24 13:20:32 --> Session: Class initialized using 'CodeIgniter\Session\Handlers\FileHandler' driver.
INFO - 2023-04-24 13:20:41 --> Session: Class initialized using 'CodeIgniter\Session\Handlers\FileHandler' driver.
INFO - 2023-04-24 13:20:41 --> Session: Class initialized using 'CodeIgniter\Session\Handlers\FileHandler' driver.
INFO - 2023-04-24 13:20:51 --> Session: Class initialized using 'CodeIgniter\Session\Handlers\FileHandler' driver.
INFO - 2023-04-24 13:20:52 --> Session: Class initialized using 'CodeIgniter\Session\Handlers\FileHandler' driver.
CRITICAL - 2023-04-24 13:24:01 --> Call to undefined method App\Libraries\Flip::abc()
in APPPATH\Controllers\Coba.php on line 11.
 1 SYSTEMPATH\CodeIgniter.php(934): App\Controllers\Coba->index()
 2 SYSTEMPATH\CodeIgniter.php(499): CodeIgniter\CodeIgniter->runController(Object(App\Controllers\Coba))
 3 SYSTEMPATH\CodeIgniter.php(368): CodeIgniter\CodeIgniter->handleRequest(null, Object(Config\Cache), false)
 4 FCPATH\index.php(67): CodeIgniter\CodeIgniter->run()
 5 SYSTEMPATH\Commands\Server\rewrite.php(47): require_once('FCPATH\\index.php')
CRITICAL - 2023-04-24 13:24:46 --> Call to undefined method App\Libraries\Flip::abcX()
in APPPATH\Controllers\Coba.php on line 11.
 1 SYSTEMPATH\CodeIgniter.php(934): App\Controllers\Coba->index()
 2 SYSTEMPATH\CodeIgniter.php(499): CodeIgniter\CodeIgniter->runController(Object(App\Controllers\Coba))
 3 SYSTEMPATH\CodeIgniter.php(368): CodeIgniter\CodeIgniter->handleRequest(null, Object(Config\Cache), false)
 4 FCPATH\index.php(67): CodeIgniter\CodeIgniter->run()
 5 SYSTEMPATH\Commands\Server\rewrite.php(47): require_once('FCPATH\\index.php')
CRITICAL - 2023-04-24 13:25:46 --> Call to undefined method App\Libraries\Flip::abcX()
in APPPATH\Controllers\Coba.php on line 11.
 1 SYSTEMPATH\CodeIgniter.php(934): App\Controllers\Coba->index()
 2 SYSTEMPATH\CodeIgniter.php(499): CodeIgniter\CodeIgniter->runController(Object(App\Controllers\Coba))
 3 SYSTEMPATH\CodeIgniter.php(368): CodeIgniter\CodeIgniter->handleRequest(null, Object(Config\Cache), false)
 4 FCPATH\index.php(67): CodeIgniter\CodeIgniter->run()
 5 SYSTEMPATH\Commands\Server\rewrite.php(47): require_once('FCPATH\\index.php')
CRITICAL - 2023-04-24 13:54:26 --> Too few arguments to function App\Libraries\Flip::generate_signature(), 0 passed in D:\WandaMaulidina\penggajian\app\Controllers\Coba.php on line 11 and exactly 1 expected
in APPPATH\Libraries\Flip.php on line 33.
 1 APPPATH\Controllers\Coba.php(11): App\Libraries\Flip->generate_signature()
 2 SYSTEMPATH\CodeIgniter.php(934): App\Controllers\Coba->index()
 3 SYSTEMPATH\CodeIgniter.php(499): CodeIgniter\CodeIgniter->runController(Object(App\Controllers\Coba))
 4 SYSTEMPATH\CodeIgniter.php(368): CodeIgniter\CodeIgniter->handleRequest(null, Object(Config\Cache), false)
 5 FCPATH\index.php(67): CodeIgniter\CodeIgniter->run()
 6 SYSTEMPATH\Commands\Server\rewrite.php(47): require_once('FCPATH\\index.php')
CRITICAL - 2023-04-24 13:55:01 --> openssl_sign(): supplied key param cannot be coerced into a private key
in APPPATH\Libraries\Flip.php on line 39.
 1 [internal function]: CodeIgniter\Debug\Exceptions->errorHandler(2, 'openssl_sign(): supplied key param cannot be coerced into a private key', 'APPPATH\\Libraries\\Flip.php', 39, [...])
 2 APPPATH\Libraries\Flip.php(39): openssl_sign('HALO AKU DATA', null, false, 7)
 3 APPPATH\Controllers\Coba.php(11): App\Libraries\Flip->generate_signature('HALO AKU DATA')
 4 SYSTEMPATH\CodeIgniter.php(934): App\Controllers\Coba->index()
 5 SYSTEMPATH\CodeIgniter.php(499): CodeIgniter\CodeIgniter->runController(Object(App\Controllers\Coba))
 6 SYSTEMPATH\CodeIgniter.php(368): CodeIgniter\CodeIgniter->handleRequest(null, Object(Config\Cache), false)
 7 FCPATH\index.php(67): CodeIgniter\CodeIgniter->run()
 8 SYSTEMPATH\Commands\Server\rewrite.php(47): require_once('FCPATH\\index.php')
CRITICAL - 2023-04-24 13:55:31 --> openssl_sign(): supplied key param cannot be coerced into a private key
in APPPATH\Libraries\Flip.php on line 39.
 1 [internal function]: CodeIgniter\Debug\Exceptions->errorHandler(2, 'openssl_sign(): supplied key param cannot be coerced into a private key', 'APPPATH\\Libraries\\Flip.php', 39, [...])
 2 APPPATH\Libraries\Flip.php(39): openssl_sign('HALO AKU DATA', null, false, 'sha256WithRSAEncryption')
 3 APPPATH\Controllers\Coba.php(11): App\Libraries\Flip->generate_signature('HALO AKU DATA')
 4 SYSTEMPATH\CodeIgniter.php(934): App\Controllers\Coba->index()
 5 SYSTEMPATH\CodeIgniter.php(499): CodeIgniter\CodeIgniter->runController(Object(App\Controllers\Coba))
 6 SYSTEMPATH\CodeIgniter.php(368): CodeIgniter\CodeIgniter->handleRequest(null, Object(Config\Cache), false)
 7 FCPATH\index.php(67): CodeIgniter\CodeIgniter->run()
 8 SYSTEMPATH\Commands\Server\rewrite.php(47): require_once('FCPATH\\index.php')
