INFO - 2023-03-23 07:13:48 --> Session: Class initialized using 'CodeIgniter\Session\Handlers\FileHandler' driver.
INFO - 2023-03-23 07:14:31 --> Session: Class initialized using 'CodeIgniter\Session\Handlers\FileHandler' driver.
INFO - 2023-03-23 12:08:17 --> Session: Class initialized using 'CodeIgniter\Session\Handlers\FileHandler' driver.
INFO - 2023-03-23 12:08:21 --> Session: Class initialized using 'CodeIgniter\Session\Handlers\FileHandler' driver.
INFO - 2023-03-23 12:33:11 --> Session: Class initialized using 'CodeIgniter\Session\Handlers\FileHandler' driver.
INFO - 2023-03-23 12:33:13 --> Session: Class initialized using 'CodeIgniter\Session\Handlers\FileHandler' driver.
INFO - 2023-03-23 12:33:20 --> Session: Class initialized using 'CodeIgniter\Session\Handlers\FileHandler' driver.
CRITICAL - 2023-03-23 12:51:11 --> Undefined property: stdClass::$gaji_pokok
in APPPATH\Controllers\Backend.php on line 324.
 1 APPPATH\Controllers\Backend.php(324): CodeIgniter\Debug\Exceptions->errorHandler(8, 'Undefined property: stdClass::$gaji_pokok', 'APPPATH\\Controllers\\Backend.php', 324, [...])
 2 SYSTEMPATH\CodeIgniter.php(934): App\Controllers\Backend->list_komponen()
 3 SYSTEMPATH\CodeIgniter.php(499): CodeIgniter\CodeIgniter->runController(Object(App\Controllers\Backend))
 4 SYSTEMPATH\CodeIgniter.php(368): CodeIgniter\CodeIgniter->handleRequest(null, Object(Config\Cache), false)
 5 FCPATH\index.php(67): CodeIgniter\CodeIgniter->run()
 6 SYSTEMPATH\Commands\Server\rewrite.php(47): require_once('FCPATH\\index.php')
CRITICAL - 2023-03-23 12:51:31 --> Undefined property: stdClass::$gaji_pokok
in APPPATH\Controllers\Backend.php on line 324.
 1 APPPATH\Controllers\Backend.php(324): CodeIgniter\Debug\Exceptions->errorHandler(8, 'Undefined property: stdClass::$gaji_pokok', 'APPPATH\\Controllers\\Backend.php', 324, [...])
 2 SYSTEMPATH\CodeIgniter.php(934): App\Controllers\Backend->list_komponen()
 3 SYSTEMPATH\CodeIgniter.php(499): CodeIgniter\CodeIgniter->runController(Object(App\Controllers\Backend))
 4 SYSTEMPATH\CodeIgniter.php(368): CodeIgniter\CodeIgniter->handleRequest(null, Object(Config\Cache), false)
 5 FCPATH\index.php(67): CodeIgniter\CodeIgniter->run()
 6 SYSTEMPATH\Commands\Server\rewrite.php(47): require_once('FCPATH\\index.php')
INFO - 2023-03-23 13:08:50 --> Session: Class initialized using 'CodeIgniter\Session\Handlers\FileHandler' driver.
