CRITICAL - 2023-01-31 00:05:28 --> syntax error, unexpected ';', expecting ']'
in APPPATH\Controllers\Backend.php on line 192.
 1 SYSTEMPATH\Autoloader\Autoloader.php(289): CodeIgniter\Autoloader\Autoloader->includeFile('APPPATH\\Controllers\\Backend.php')
 2 SYSTEMPATH\Autoloader\Autoloader.php(267): CodeIgniter\Autoloader\Autoloader->loadInNamespace('App\\Controllers\\Backend')
 3 [internal function]: CodeIgniter\Autoloader\Autoloader->loadClass('App\\Controllers\\Backend')
 4 [internal function]: spl_autoload_call('App\\Controllers\\Backend')
 5 SYSTEMPATH\CodeIgniter.php(892): class_exists('\\App\\Controllers\\Backend', true)
 6 SYSTEMPATH\CodeIgniter.php(486): CodeIgniter\CodeIgniter->startController()
 7 SYSTEMPATH\CodeIgniter.php(368): CodeIgniter\CodeIgniter->handleRequest(null, Object(Config\Cache), false)
 8 FCPATH\index.php(67): CodeIgniter\CodeIgniter->run()
 9 SYSTEMPATH\Commands\Server\rewrite.php(47): require_once('FCPATH\\index.php')
CRITICAL - 2023-01-31 00:07:00 --> syntax error, unexpected ''uang_makan'' (T_CONSTANT_ENCAPSED_STRING), expecting ']'
in APPPATH\Controllers\Backend.php on line 194.
 1 SYSTEMPATH\Autoloader\Autoloader.php(289): CodeIgniter\Autoloader\Autoloader->includeFile('APPPATH\\Controllers\\Backend.php')
 2 SYSTEMPATH\Autoloader\Autoloader.php(267): CodeIgniter\Autoloader\Autoloader->loadInNamespace('App\\Controllers\\Backend')
 3 [internal function]: CodeIgniter\Autoloader\Autoloader->loadClass('App\\Controllers\\Backend')
 4 [internal function]: spl_autoload_call('App\\Controllers\\Backend')
 5 SYSTEMPATH\CodeIgniter.php(892): class_exists('\\App\\Controllers\\Backend', true)
 6 SYSTEMPATH\CodeIgniter.php(486): CodeIgniter\CodeIgniter->startController()
 7 SYSTEMPATH\CodeIgniter.php(368): CodeIgniter\CodeIgniter->handleRequest(null, Object(Config\Cache), false)
 8 FCPATH\index.php(67): CodeIgniter\CodeIgniter->run()
 9 SYSTEMPATH\Commands\Server\rewrite.php(47): require_once('FCPATH\\index.php')
CRITICAL - 2023-01-31 00:07:26 --> syntax error, unexpected ''uang_makan'' (T_CONSTANT_ENCAPSED_STRING), expecting ']'
in APPPATH\Controllers\Backend.php on line 193.
 1 SYSTEMPATH\Autoloader\Autoloader.php(289): CodeIgniter\Autoloader\Autoloader->includeFile('APPPATH\\Controllers\\Backend.php')
 2 SYSTEMPATH\Autoloader\Autoloader.php(267): CodeIgniter\Autoloader\Autoloader->loadInNamespace('App\\Controllers\\Backend')
 3 [internal function]: CodeIgniter\Autoloader\Autoloader->loadClass('App\\Controllers\\Backend')
 4 [internal function]: spl_autoload_call('App\\Controllers\\Backend')
 5 SYSTEMPATH\CodeIgniter.php(892): class_exists('\\App\\Controllers\\Backend', true)
 6 SYSTEMPATH\CodeIgniter.php(486): CodeIgniter\CodeIgniter->startController()
 7 SYSTEMPATH\CodeIgniter.php(368): CodeIgniter\CodeIgniter->handleRequest(null, Object(Config\Cache), false)
 8 FCPATH\index.php(67): CodeIgniter\CodeIgniter->run()
 9 SYSTEMPATH\Commands\Server\rewrite.php(47): require_once('FCPATH\\index.php')
CRITICAL - 2023-01-31 00:22:17 --> syntax error, unexpected ''uang_makan'' (T_CONSTANT_ENCAPSED_STRING), expecting ']'
in APPPATH\Controllers\Backend.php on line 193.
 1 SYSTEMPATH\Autoloader\Autoloader.php(289): CodeIgniter\Autoloader\Autoloader->includeFile('APPPATH\\Controllers\\Backend.php')
 2 SYSTEMPATH\Autoloader\Autoloader.php(267): CodeIgniter\Autoloader\Autoloader->loadInNamespace('App\\Controllers\\Backend')
 3 [internal function]: CodeIgniter\Autoloader\Autoloader->loadClass('App\\Controllers\\Backend')
 4 [internal function]: spl_autoload_call('App\\Controllers\\Backend')
 5 SYSTEMPATH\CodeIgniter.php(892): class_exists('\\App\\Controllers\\Backend', true)
 6 SYSTEMPATH\CodeIgniter.php(486): CodeIgniter\CodeIgniter->startController()
 7 SYSTEMPATH\CodeIgniter.php(368): CodeIgniter\CodeIgniter->handleRequest(null, Object(Config\Cache), false)
 8 FCPATH\index.php(67): CodeIgniter\CodeIgniter->run()
 9 SYSTEMPATH\Commands\Server\rewrite.php(47): require_once('FCPATH\\index.php')
CRITICAL - 2023-01-31 00:38:37 --> syntax error, unexpected ';', expecting ']'
in APPPATH\Controllers\Backend.php on line 205.
 1 SYSTEMPATH\Autoloader\Autoloader.php(289): CodeIgniter\Autoloader\Autoloader->includeFile('APPPATH\\Controllers\\Backend.php')
 2 SYSTEMPATH\Autoloader\Autoloader.php(267): CodeIgniter\Autoloader\Autoloader->loadInNamespace('App\\Controllers\\Backend')
 3 [internal function]: CodeIgniter\Autoloader\Autoloader->loadClass('App\\Controllers\\Backend')
 4 [internal function]: spl_autoload_call('App\\Controllers\\Backend')
 5 SYSTEMPATH\CodeIgniter.php(892): class_exists('\\App\\Controllers\\Backend', true)
 6 SYSTEMPATH\CodeIgniter.php(486): CodeIgniter\CodeIgniter->startController()
 7 SYSTEMPATH\CodeIgniter.php(368): CodeIgniter\CodeIgniter->handleRequest(null, Object(Config\Cache), false)
 8 FCPATH\index.php(67): CodeIgniter\CodeIgniter->run()
 9 SYSTEMPATH\Commands\Server\rewrite.php(47): require_once('FCPATH\\index.php')
CRITICAL - 2023-01-31 00:38:59 --> syntax error, unexpected ';', expecting ']'
in APPPATH\Controllers\Backend.php on line 206.
 1 SYSTEMPATH\Autoloader\Autoloader.php(289): CodeIgniter\Autoloader\Autoloader->includeFile('APPPATH\\Controllers\\Backend.php')
 2 SYSTEMPATH\Autoloader\Autoloader.php(267): CodeIgniter\Autoloader\Autoloader->loadInNamespace('App\\Controllers\\Backend')
 3 [internal function]: CodeIgniter\Autoloader\Autoloader->loadClass('App\\Controllers\\Backend')
 4 [internal function]: spl_autoload_call('App\\Controllers\\Backend')
 5 SYSTEMPATH\CodeIgniter.php(892): class_exists('\\App\\Controllers\\Backend', true)
 6 SYSTEMPATH\CodeIgniter.php(486): CodeIgniter\CodeIgniter->startController()
 7 SYSTEMPATH\CodeIgniter.php(368): CodeIgniter\CodeIgniter->handleRequest(null, Object(Config\Cache), false)
 8 FCPATH\index.php(67): CodeIgniter\CodeIgniter->run()
 9 SYSTEMPATH\Commands\Server\rewrite.php(47): require_once('FCPATH\\index.php')
CRITICAL - 2023-01-31 00:39:09 --> syntax error, unexpected '$validation' (T_VARIABLE), expecting ']'
in APPPATH\Controllers\Backend.php on line 208.
 1 SYSTEMPATH\Autoloader\Autoloader.php(289): CodeIgniter\Autoloader\Autoloader->includeFile('APPPATH\\Controllers\\Backend.php')
 2 SYSTEMPATH\Autoloader\Autoloader.php(267): CodeIgniter\Autoloader\Autoloader->loadInNamespace('App\\Controllers\\Backend')
 3 [internal function]: CodeIgniter\Autoloader\Autoloader->loadClass('App\\Controllers\\Backend')
 4 [internal function]: spl_autoload_call('App\\Controllers\\Backend')
 5 SYSTEMPATH\CodeIgniter.php(892): class_exists('\\App\\Controllers\\Backend', true)
 6 SYSTEMPATH\CodeIgniter.php(486): CodeIgniter\CodeIgniter->startController()
 7 SYSTEMPATH\CodeIgniter.php(368): CodeIgniter\CodeIgniter->handleRequest(null, Object(Config\Cache), false)
 8 FCPATH\index.php(67): CodeIgniter\CodeIgniter->run()
 9 SYSTEMPATH\Commands\Server\rewrite.php(47): require_once('FCPATH\\index.php')
CRITICAL - 2023-01-31 00:39:20 --> syntax error, unexpected '$validation' (T_VARIABLE), expecting ']'
in APPPATH\Controllers\Backend.php on line 208.
 1 SYSTEMPATH\Autoloader\Autoloader.php(289): CodeIgniter\Autoloader\Autoloader->includeFile('APPPATH\\Controllers\\Backend.php')
 2 SYSTEMPATH\Autoloader\Autoloader.php(267): CodeIgniter\Autoloader\Autoloader->loadInNamespace('App\\Controllers\\Backend')
 3 [internal function]: CodeIgniter\Autoloader\Autoloader->loadClass('App\\Controllers\\Backend')
 4 [internal function]: spl_autoload_call('App\\Controllers\\Backend')
 5 SYSTEMPATH\CodeIgniter.php(892): class_exists('\\App\\Controllers\\Backend', true)
 6 SYSTEMPATH\CodeIgniter.php(486): CodeIgniter\CodeIgniter->startController()
 7 SYSTEMPATH\CodeIgniter.php(368): CodeIgniter\CodeIgniter->handleRequest(null, Object(Config\Cache), false)
 8 FCPATH\index.php(67): CodeIgniter\CodeIgniter->run()
 9 SYSTEMPATH\Commands\Server\rewrite.php(47): require_once('FCPATH\\index.php')
CRITICAL - 2023-01-31 00:41:51 --> syntax error, unexpected '$validation' (T_VARIABLE), expecting ']'
in APPPATH\Controllers\Backend.php on line 208.
 1 SYSTEMPATH\Autoloader\Autoloader.php(289): CodeIgniter\Autoloader\Autoloader->includeFile('APPPATH\\Controllers\\Backend.php')
 2 SYSTEMPATH\Autoloader\Autoloader.php(267): CodeIgniter\Autoloader\Autoloader->loadInNamespace('App\\Controllers\\Backend')
 3 [internal function]: CodeIgniter\Autoloader\Autoloader->loadClass('App\\Controllers\\Backend')
 4 [internal function]: spl_autoload_call('App\\Controllers\\Backend')
 5 SYSTEMPATH\CodeIgniter.php(892): class_exists('\\App\\Controllers\\Backend', true)
 6 SYSTEMPATH\CodeIgniter.php(486): CodeIgniter\CodeIgniter->startController()
 7 SYSTEMPATH\CodeIgniter.php(368): CodeIgniter\CodeIgniter->handleRequest(null, Object(Config\Cache), false)
 8 FCPATH\index.php(67): CodeIgniter\CodeIgniter->run()
 9 SYSTEMPATH\Commands\Server\rewrite.php(47): require_once('FCPATH\\index.php')
CRITICAL - 2023-01-31 00:42:40 --> syntax error, unexpected '$validation' (T_VARIABLE), expecting ']'
in APPPATH\Controllers\Backend.php on line 209.
 1 SYSTEMPATH\Autoloader\Autoloader.php(289): CodeIgniter\Autoloader\Autoloader->includeFile('APPPATH\\Controllers\\Backend.php')
 2 SYSTEMPATH\Autoloader\Autoloader.php(267): CodeIgniter\Autoloader\Autoloader->loadInNamespace('App\\Controllers\\Backend')
 3 [internal function]: CodeIgniter\Autoloader\Autoloader->loadClass('App\\Controllers\\Backend')
 4 [internal function]: spl_autoload_call('App\\Controllers\\Backend')
 5 SYSTEMPATH\CodeIgniter.php(892): class_exists('\\App\\Controllers\\Backend', true)
 6 SYSTEMPATH\CodeIgniter.php(486): CodeIgniter\CodeIgniter->startController()
 7 SYSTEMPATH\CodeIgniter.php(368): CodeIgniter\CodeIgniter->handleRequest(null, Object(Config\Cache), false)
 8 FCPATH\index.php(67): CodeIgniter\CodeIgniter->run()
 9 SYSTEMPATH\Commands\Server\rewrite.php(47): require_once('FCPATH\\index.php')
CRITICAL - 2023-01-31 00:43:00 --> syntax error, unexpected '$validation' (T_VARIABLE)
in APPPATH\Controllers\Backend.php on line 210.
 1 SYSTEMPATH\Autoloader\Autoloader.php(289): CodeIgniter\Autoloader\Autoloader->includeFile('APPPATH\\Controllers\\Backend.php')
 2 SYSTEMPATH\Autoloader\Autoloader.php(267): CodeIgniter\Autoloader\Autoloader->loadInNamespace('App\\Controllers\\Backend')
 3 [internal function]: CodeIgniter\Autoloader\Autoloader->loadClass('App\\Controllers\\Backend')
 4 [internal function]: spl_autoload_call('App\\Controllers\\Backend')
 5 SYSTEMPATH\CodeIgniter.php(892): class_exists('\\App\\Controllers\\Backend', true)
 6 SYSTEMPATH\CodeIgniter.php(486): CodeIgniter\CodeIgniter->startController()
 7 SYSTEMPATH\CodeIgniter.php(368): CodeIgniter\CodeIgniter->handleRequest(null, Object(Config\Cache), false)
 8 FCPATH\index.php(67): CodeIgniter\CodeIgniter->run()
 9 SYSTEMPATH\Commands\Server\rewrite.php(47): require_once('FCPATH\\index.php')
CRITICAL - 2023-01-31 00:43:27 --> syntax error, unexpected ';', expecting ']'
in APPPATH\Controllers\Backend.php on line 222.
 1 SYSTEMPATH\Autoloader\Autoloader.php(289): CodeIgniter\Autoloader\Autoloader->includeFile('APPPATH\\Controllers\\Backend.php')
 2 SYSTEMPATH\Autoloader\Autoloader.php(267): CodeIgniter\Autoloader\Autoloader->loadInNamespace('App\\Controllers\\Backend')
 3 [internal function]: CodeIgniter\Autoloader\Autoloader->loadClass('App\\Controllers\\Backend')
 4 [internal function]: spl_autoload_call('App\\Controllers\\Backend')
 5 SYSTEMPATH\CodeIgniter.php(892): class_exists('\\App\\Controllers\\Backend', true)
 6 SYSTEMPATH\CodeIgniter.php(486): CodeIgniter\CodeIgniter->startController()
 7 SYSTEMPATH\CodeIgniter.php(368): CodeIgniter\CodeIgniter->handleRequest(null, Object(Config\Cache), false)
 8 FCPATH\index.php(67): CodeIgniter\CodeIgniter->run()
 9 SYSTEMPATH\Commands\Server\rewrite.php(47): require_once('FCPATH\\index.php')
CRITICAL - 2023-01-31 00:45:07 --> Cannot redeclare App\Controllers\Backend::__construct()
in APPPATH\Controllers\Backend.php on line 138.
 1 [internal function]: CodeIgniter\Debug\Exceptions->shutdownHandler()
CRITICAL - 2023-01-31 00:46:25 --> Cannot redeclare App\Controllers\Backend::template()
in APPPATH\Controllers\Backend.php on line 142.
 1 [internal function]: CodeIgniter\Debug\Exceptions->shutdownHandler()
CRITICAL - 2023-01-31 00:47:38 --> Cannot redeclare App\Controllers\Backend::response()
in APPPATH\Controllers\Backend.php on line 144.
 1 [internal function]: CodeIgniter\Debug\Exceptions->shutdownHandler()
CRITICAL - 2023-01-31 00:48:54 --> syntax error, unexpected ''created_at'' (T_CONSTANT_ENCAPSED_STRING), expecting ']'
in APPPATH\Models\komponen_gajiModel.php on line 12.
 1 SYSTEMPATH\Autoloader\Autoloader.php(289): CodeIgniter\Autoloader\Autoloader->includeFile('APPPATH\\Models\\komponen_gajiModel.php')
 2 SYSTEMPATH\Autoloader\Autoloader.php(267): CodeIgniter\Autoloader\Autoloader->loadInNamespace('App\\Models\\komponen_gajiModel')
 3 [internal function]: CodeIgniter\Autoloader\Autoloader->loadClass('App\\Models\\komponen_gajiModel')
 4 APPPATH\Controllers\Backend.php(17): spl_autoload_call('App\\Models\\komponen_gajiModel')
 5 SYSTEMPATH\CodeIgniter.php(906): App\Controllers\Backend->__construct()
 6 SYSTEMPATH\CodeIgniter.php(490): CodeIgniter\CodeIgniter->createController()
 7 SYSTEMPATH\CodeIgniter.php(368): CodeIgniter\CodeIgniter->handleRequest(null, Object(Config\Cache), false)
 8 FCPATH\index.php(67): CodeIgniter\CodeIgniter->run()
 9 SYSTEMPATH\Commands\Server\rewrite.php(47): require_once('FCPATH\\index.php')
CRITICAL - 2023-01-31 01:57:31 --> Undefined property: stdClass::$email
in APPPATH\Controllers\Backend.php on line 331.
 1 APPPATH\Controllers\Backend.php(331): CodeIgniter\Debug\Exceptions->errorHandler(8, 'Undefined property: stdClass::$email', 'APPPATH\\Controllers\\Backend.php', 331, [...])
 2 SYSTEMPATH\CodeIgniter.php(934): App\Controllers\Backend->list_pengguna()
 3 SYSTEMPATH\CodeIgniter.php(499): CodeIgniter\CodeIgniter->runController(Object(App\Controllers\Backend))
 4 SYSTEMPATH\CodeIgniter.php(368): CodeIgniter\CodeIgniter->handleRequest(null, Object(Config\Cache), false)
 5 FCPATH\index.php(67): CodeIgniter\CodeIgniter->run()
 6 SYSTEMPATH\Commands\Server\rewrite.php(47): require_once('FCPATH\\index.php')
CRITICAL - 2023-01-31 02:01:25 --> Undefined property: stdClass::$email
in APPPATH\Controllers\Backend.php on line 331.
 1 APPPATH\Controllers\Backend.php(331): CodeIgniter\Debug\Exceptions->errorHandler(8, 'Undefined property: stdClass::$email', 'APPPATH\\Controllers\\Backend.php', 331, [...])
 2 SYSTEMPATH\CodeIgniter.php(934): App\Controllers\Backend->list_pengguna()
 3 SYSTEMPATH\CodeIgniter.php(499): CodeIgniter\CodeIgniter->runController(Object(App\Controllers\Backend))
 4 SYSTEMPATH\CodeIgniter.php(368): CodeIgniter\CodeIgniter->handleRequest(null, Object(Config\Cache), false)
 5 FCPATH\index.php(67): CodeIgniter\CodeIgniter->run()
 6 SYSTEMPATH\Commands\Server\rewrite.php(47): require_once('FCPATH\\index.php')
CRITICAL - 2023-01-31 02:02:54 --> Undefined property: stdClass::$email
in APPPATH\Controllers\Backend.php on line 331.
 1 APPPATH\Controllers\Backend.php(331): CodeIgniter\Debug\Exceptions->errorHandler(8, 'Undefined property: stdClass::$email', 'APPPATH\\Controllers\\Backend.php', 331, [...])
 2 SYSTEMPATH\CodeIgniter.php(934): App\Controllers\Backend->list_pengguna()
 3 SYSTEMPATH\CodeIgniter.php(499): CodeIgniter\CodeIgniter->runController(Object(App\Controllers\Backend))
 4 SYSTEMPATH\CodeIgniter.php(368): CodeIgniter\CodeIgniter->handleRequest(null, Object(Config\Cache), false)
 5 FCPATH\index.php(67): CodeIgniter\CodeIgniter->run()
 6 SYSTEMPATH\Commands\Server\rewrite.php(47): require_once('FCPATH\\index.php')
CRITICAL - 2023-01-31 02:08:47 --> Undefined property: stdClass::$email
in APPPATH\Controllers\Backend.php on line 331.
 1 APPPATH\Controllers\Backend.php(331): CodeIgniter\Debug\Exceptions->errorHandler(8, 'Undefined property: stdClass::$email', 'APPPATH\\Controllers\\Backend.php', 331, [...])
 2 SYSTEMPATH\CodeIgniter.php(934): App\Controllers\Backend->list_pengguna()
 3 SYSTEMPATH\CodeIgniter.php(499): CodeIgniter\CodeIgniter->runController(Object(App\Controllers\Backend))
 4 SYSTEMPATH\CodeIgniter.php(368): CodeIgniter\CodeIgniter->handleRequest(null, Object(Config\Cache), false)
 5 FCPATH\index.php(67): CodeIgniter\CodeIgniter->run()
 6 SYSTEMPATH\Commands\Server\rewrite.php(47): require_once('FCPATH\\index.php')
CRITICAL - 2023-01-31 02:49:54 --> Undefined property: stdClass::$email
in APPPATH\Controllers\Backend.php on line 331.
 1 APPPATH\Controllers\Backend.php(331): CodeIgniter\Debug\Exceptions->errorHandler(8, 'Undefined property: stdClass::$email', 'APPPATH\\Controllers\\Backend.php', 331, [...])
 2 SYSTEMPATH\CodeIgniter.php(934): App\Controllers\Backend->list_pengguna()
 3 SYSTEMPATH\CodeIgniter.php(499): CodeIgniter\CodeIgniter->runController(Object(App\Controllers\Backend))
 4 SYSTEMPATH\CodeIgniter.php(368): CodeIgniter\CodeIgniter->handleRequest(null, Object(Config\Cache), false)
 5 FCPATH\index.php(67): CodeIgniter\CodeIgniter->run()
 6 SYSTEMPATH\Commands\Server\rewrite.php(47): require_once('FCPATH\\index.php')
