INFO - 2023-03-17 12:58:30 --> Session: Class initialized using 'CodeIgniter\Session\Handlers\FileHandler' driver.
INFO - 2023-03-17 12:58:36 --> Session: Class initialized using 'CodeIgniter\Session\Handlers\FileHandler' driver.
CRITICAL - 2023-03-17 13:19:29 --> Undefined property: stdClass::$jabatan
in APPPATH\Controllers\Backend.php on line 278.
 1 APPPATH\Controllers\Backend.php(278): CodeIgniter\Debug\Exceptions->errorHandler(8, 'Undefined property: stdClass::$jabatan', 'APPPATH\\Controllers\\Backend.php', 278, [...])
 2 SYSTEMPATH\CodeIgniter.php(934): App\Controllers\Backend->list_komponen()
 3 SYSTEMPATH\CodeIgniter.php(499): CodeIgniter\CodeIgniter->runController(Object(App\Controllers\Backend))
 4 SYSTEMPATH\CodeIgniter.php(368): CodeIgniter\CodeIgniter->handleRequest(null, Object(Config\Cache), false)
 5 FCPATH\index.php(67): CodeIgniter\CodeIgniter->run()
 6 SYSTEMPATH\Commands\Server\rewrite.php(47): require_once('FCPATH\\index.php')
CRITICAL - 2023-03-17 13:20:39 --> Undefined property: stdClass::$jabatan
in APPPATH\Controllers\Backend.php on line 278.
 1 APPPATH\Controllers\Backend.php(278): CodeIgniter\Debug\Exceptions->errorHandler(8, 'Undefined property: stdClass::$jabatan', 'APPPATH\\Controllers\\Backend.php', 278, [...])
 2 SYSTEMPATH\CodeIgniter.php(934): App\Controllers\Backend->list_komponen()
 3 SYSTEMPATH\CodeIgniter.php(499): CodeIgniter\CodeIgniter->runController(Object(App\Controllers\Backend))
 4 SYSTEMPATH\CodeIgniter.php(368): CodeIgniter\CodeIgniter->handleRequest(null, Object(Config\Cache), false)
 5 FCPATH\index.php(67): CodeIgniter\CodeIgniter->run()
 6 SYSTEMPATH\Commands\Server\rewrite.php(47): require_once('FCPATH\\index.php')
INFO - 2023-03-17 13:27:31 --> Session: Class initialized using 'CodeIgniter\Session\Handlers\FileHandler' driver.
INFO - 2023-03-17 13:27:32 --> Session: Class initialized using 'CodeIgniter\Session\Handlers\FileHandler' driver.
CRITICAL - 2023-03-17 14:05:50 --> Undefined variable: title
in APPPATH\Views\template\header.php on line 6.
 1 APPPATH\Views\template\header.php(6): CodeIgniter\Debug\Exceptions->errorHandler(8, 'Undefined variable: title', 'APPPATH\\Views\\template\\header.php', 6, [...])
 2 SYSTEMPATH\View\View.php(213): include('APPPATH\\Views\\template\\header.php')
 3 SYSTEMPATH\View\View.php(216): CodeIgniter\View\View->CodeIgniter\View\{closure}()
 4 SYSTEMPATH\Common.php(1177): CodeIgniter\View\View->render('template/header', [], true)
 5 APPPATH\Controllers\Backend.php(28): view('template/header', [...])
 6 APPPATH\Controllers\Backend.php(92): App\Controllers\Backend->template('modul/jabatan', [...])
 7 SYSTEMPATH\CodeIgniter.php(934): App\Controllers\Backend->submit_jabatan()
 8 SYSTEMPATH\CodeIgniter.php(499): CodeIgniter\CodeIgniter->runController(Object(App\Controllers\Backend))
 9 SYSTEMPATH\CodeIgniter.php(368): CodeIgniter\CodeIgniter->handleRequest(null, Object(Config\Cache), false)
10 FCPATH\index.php(67): CodeIgniter\CodeIgniter->run()
11 SYSTEMPATH\Commands\Server\rewrite.php(47): require_once('FCPATH\\index.php')
CRITICAL - 2023-03-17 14:10:09 --> Undefined variable: validation
in APPPATH\Controllers\Backend.php on line 92.
 1 APPPATH\Controllers\Backend.php(92): CodeIgniter\Debug\Exceptions->errorHandler(8, 'Undefined variable: validation', 'APPPATH\\Controllers\\Backend.php', 92, [...])
 2 SYSTEMPATH\CodeIgniter.php(934): App\Controllers\Backend->submit_jabatan()
 3 SYSTEMPATH\CodeIgniter.php(499): CodeIgniter\CodeIgniter->runController(Object(App\Controllers\Backend))
 4 SYSTEMPATH\CodeIgniter.php(368): CodeIgniter\CodeIgniter->handleRequest(null, Object(Config\Cache), false)
 5 FCPATH\index.php(67): CodeIgniter\CodeIgniter->run()
 6 SYSTEMPATH\Commands\Server\rewrite.php(47): require_once('FCPATH\\index.php')
CRITICAL - 2023-03-17 15:01:11 --> syntax error, unexpected 'private' (T_PRIVATE), expecting end of file
in APPPATH\Models\PenggunaDatatable.php on line 29.
 1 SYSTEMPATH\Autoloader\Autoloader.php(289): CodeIgniter\Autoloader\Autoloader->includeFile('APPPATH\\Models\\PenggunaDatatable.php')
 2 SYSTEMPATH\Autoloader\Autoloader.php(267): CodeIgniter\Autoloader\Autoloader->loadInNamespace('App\\Models\\PenggunaDatatable')
 3 [internal function]: CodeIgniter\Autoloader\Autoloader->loadClass('App\\Models\\PenggunaDatatable')
 4 APPPATH\Controllers\Backend.php(425): spl_autoload_call('App\\Models\\PenggunaDatatable')
 5 SYSTEMPATH\CodeIgniter.php(934): App\Controllers\Backend->list_pengguna()
 6 SYSTEMPATH\CodeIgniter.php(499): CodeIgniter\CodeIgniter->runController(Object(App\Controllers\Backend))
 7 SYSTEMPATH\CodeIgniter.php(368): CodeIgniter\CodeIgniter->handleRequest(null, Object(Config\Cache), false)
 8 FCPATH\index.php(67): CodeIgniter\CodeIgniter->run()
 9 SYSTEMPATH\Commands\Server\rewrite.php(47): require_once('FCPATH\\index.php')
CRITICAL - 2023-03-17 15:01:18 --> syntax error, unexpected 'private' (T_PRIVATE), expecting end of file
in APPPATH\Models\PenggunaDatatable.php on line 29.
 1 SYSTEMPATH\Autoloader\Autoloader.php(289): CodeIgniter\Autoloader\Autoloader->includeFile('APPPATH\\Models\\PenggunaDatatable.php')
 2 SYSTEMPATH\Autoloader\Autoloader.php(267): CodeIgniter\Autoloader\Autoloader->loadInNamespace('App\\Models\\PenggunaDatatable')
 3 [internal function]: CodeIgniter\Autoloader\Autoloader->loadClass('App\\Models\\PenggunaDatatable')
 4 APPPATH\Controllers\Backend.php(425): spl_autoload_call('App\\Models\\PenggunaDatatable')
 5 SYSTEMPATH\CodeIgniter.php(934): App\Controllers\Backend->list_pengguna()
 6 SYSTEMPATH\CodeIgniter.php(499): CodeIgniter\CodeIgniter->runController(Object(App\Controllers\Backend))
 7 SYSTEMPATH\CodeIgniter.php(368): CodeIgniter\CodeIgniter->handleRequest(null, Object(Config\Cache), false)
 8 FCPATH\index.php(67): CodeIgniter\CodeIgniter->run()
 9 SYSTEMPATH\Commands\Server\rewrite.php(47): require_once('FCPATH\\index.php')
CRITICAL - 2023-03-17 15:02:46 --> syntax error, unexpected 'private' (T_PRIVATE), expecting end of file
in APPPATH\Models\PenggunaDatatable.php on line 29.
 1 SYSTEMPATH\Autoloader\Autoloader.php(289): CodeIgniter\Autoloader\Autoloader->includeFile('APPPATH\\Models\\PenggunaDatatable.php')
 2 SYSTEMPATH\Autoloader\Autoloader.php(267): CodeIgniter\Autoloader\Autoloader->loadInNamespace('App\\Models\\PenggunaDatatable')
 3 [internal function]: CodeIgniter\Autoloader\Autoloader->loadClass('App\\Models\\PenggunaDatatable')
 4 APPPATH\Controllers\Backend.php(425): spl_autoload_call('App\\Models\\PenggunaDatatable')
 5 SYSTEMPATH\CodeIgniter.php(934): App\Controllers\Backend->list_pengguna()
 6 SYSTEMPATH\CodeIgniter.php(499): CodeIgniter\CodeIgniter->runController(Object(App\Controllers\Backend))
 7 SYSTEMPATH\CodeIgniter.php(368): CodeIgniter\CodeIgniter->handleRequest(null, Object(Config\Cache), false)
 8 FCPATH\index.php(67): CodeIgniter\CodeIgniter->run()
 9 SYSTEMPATH\Commands\Server\rewrite.php(47): require_once('FCPATH\\index.php')
CRITICAL - 2023-03-17 15:05:06 --> syntax error, unexpected 'private' (T_PRIVATE), expecting end of file
in APPPATH\Models\PenggunaDatatable.php on line 31.
 1 SYSTEMPATH\Autoloader\Autoloader.php(289): CodeIgniter\Autoloader\Autoloader->includeFile('APPPATH\\Models\\PenggunaDatatable.php')
 2 SYSTEMPATH\Autoloader\Autoloader.php(267): CodeIgniter\Autoloader\Autoloader->loadInNamespace('App\\Models\\PenggunaDatatable')
 3 [internal function]: CodeIgniter\Autoloader\Autoloader->loadClass('App\\Models\\PenggunaDatatable')
 4 APPPATH\Controllers\Backend.php(425): spl_autoload_call('App\\Models\\PenggunaDatatable')
 5 SYSTEMPATH\CodeIgniter.php(934): App\Controllers\Backend->list_pengguna()
 6 SYSTEMPATH\CodeIgniter.php(499): CodeIgniter\CodeIgniter->runController(Object(App\Controllers\Backend))
 7 SYSTEMPATH\CodeIgniter.php(368): CodeIgniter\CodeIgniter->handleRequest(null, Object(Config\Cache), false)
 8 FCPATH\index.php(67): CodeIgniter\CodeIgniter->run()
 9 SYSTEMPATH\Commands\Server\rewrite.php(47): require_once('FCPATH\\index.php')
CRITICAL - 2023-03-17 15:05:16 --> syntax error, unexpected 'private' (T_PRIVATE), expecting end of file
in APPPATH\Models\PenggunaDatatable.php on line 31.
 1 SYSTEMPATH\Autoloader\Autoloader.php(289): CodeIgniter\Autoloader\Autoloader->includeFile('APPPATH\\Models\\PenggunaDatatable.php')
 2 SYSTEMPATH\Autoloader\Autoloader.php(267): CodeIgniter\Autoloader\Autoloader->loadInNamespace('App\\Models\\PenggunaDatatable')
 3 [internal function]: CodeIgniter\Autoloader\Autoloader->loadClass('App\\Models\\PenggunaDatatable')
 4 APPPATH\Controllers\Backend.php(425): spl_autoload_call('App\\Models\\PenggunaDatatable')
 5 SYSTEMPATH\CodeIgniter.php(934): App\Controllers\Backend->list_pengguna()
 6 SYSTEMPATH\CodeIgniter.php(499): CodeIgniter\CodeIgniter->runController(Object(App\Controllers\Backend))
 7 SYSTEMPATH\CodeIgniter.php(368): CodeIgniter\CodeIgniter->handleRequest(null, Object(Config\Cache), false)
 8 FCPATH\index.php(67): CodeIgniter\CodeIgniter->run()
 9 SYSTEMPATH\Commands\Server\rewrite.php(47): require_once('FCPATH\\index.php')
CRITICAL - 2023-03-17 15:05:32 --> Call to undefined method CodeIgniter\Database\MySQLi\Connection::select()
in APPPATH\Models\PenggunaDatatable.php on line 23.
 1 APPPATH\Controllers\Backend.php(425): App\Models\PenggunaDatatable->__construct(Object(CodeIgniter\HTTP\IncomingRequest))
 2 SYSTEMPATH\CodeIgniter.php(934): App\Controllers\Backend->list_pengguna()
 3 SYSTEMPATH\CodeIgniter.php(499): CodeIgniter\CodeIgniter->runController(Object(App\Controllers\Backend))
 4 SYSTEMPATH\CodeIgniter.php(368): CodeIgniter\CodeIgniter->handleRequest(null, Object(Config\Cache), false)
 5 FCPATH\index.php(67): CodeIgniter\CodeIgniter->run()
 6 SYSTEMPATH\Commands\Server\rewrite.php(47): require_once('FCPATH\\index.php')
CRITICAL - 2023-03-17 15:08:53 --> Undefined variable: id_jabatan
in APPPATH\Controllers\Backend.php on line 436.
 1 APPPATH\Controllers\Backend.php(436): CodeIgniter\Debug\Exceptions->errorHandler(8, 'Undefined variable: id_jabatan', 'APPPATH\\Controllers\\Backend.php', 436, [...])
 2 SYSTEMPATH\CodeIgniter.php(934): App\Controllers\Backend->list_pengguna()
 3 SYSTEMPATH\CodeIgniter.php(499): CodeIgniter\CodeIgniter->runController(Object(App\Controllers\Backend))
 4 SYSTEMPATH\CodeIgniter.php(368): CodeIgniter\CodeIgniter->handleRequest(null, Object(Config\Cache), false)
 5 FCPATH\index.php(67): CodeIgniter\CodeIgniter->run()
 6 SYSTEMPATH\Commands\Server\rewrite.php(47): require_once('FCPATH\\index.php')
CRITICAL - 2023-03-17 15:09:22 --> Undefined variable: jabatan
in APPPATH\Controllers\Backend.php on line 436.
 1 APPPATH\Controllers\Backend.php(436): CodeIgniter\Debug\Exceptions->errorHandler(8, 'Undefined variable: jabatan', 'APPPATH\\Controllers\\Backend.php', 436, [...])
 2 SYSTEMPATH\CodeIgniter.php(934): App\Controllers\Backend->list_pengguna()
 3 SYSTEMPATH\CodeIgniter.php(499): CodeIgniter\CodeIgniter->runController(Object(App\Controllers\Backend))
 4 SYSTEMPATH\CodeIgniter.php(368): CodeIgniter\CodeIgniter->handleRequest(null, Object(Config\Cache), false)
 5 FCPATH\index.php(67): CodeIgniter\CodeIgniter->run()
 6 SYSTEMPATH\Commands\Server\rewrite.php(47): require_once('FCPATH\\index.php')
